<?xml version="1.0" encoding="UTF-8" ?>
<testsuite failures="3" time="9.703" errors="0" skipped="0" tests="10" name="com.taotao.manage.mapper.ItemMapperTest">
  <properties>
[...]
</properties>
  <testcase time="5.397" classname="com.taotao.manage.mapper.ItemMapperTest" name="testSelect"/>
  <testcase time="0.946" classname="com.taotao.manage.mapper.ItemMapperTest" name="testInsert"/>
  <testcase time="0.489" classname="com.taotao.manage.mapper.ItemMapperTest" name="testDelete"/>
  <testcase time="0.476" classname="com.taotao.manage.mapper.ItemMapperTest" name="testSelectCount"/>
  <testcase time="0.459" classname="com.taotao.manage.mapper.ItemMapperTest" name="testSelectByPrimaryKey"/>
  <testcase time="0.496" classname="com.taotao.manage.mapper.ItemMapperTest" name="testInsertSelective"/>
  <testcase time="0.454" classname="com.taotao.manage.mapper.ItemMapperTest" name="testDeleteByIDS"/>
  <testcase time="0.348" classname="com.taotao.manage.mapper.ItemMapperTest" name="testDeleteByPrimaryKey">
    <failure message="Not yet implemented" type="java.lang.AssertionError">java.lang.AssertionError: Not yet implemented
	at org.junit.Assert.fail(Assert.java:93)
	at com.taotao.manage.mapper.ItemMapperTest.testDeleteByPrimaryKey(ItemMapperTest.java:88)
	at sun.reflect.NativeMethodAccessorImpl.invoke0(Native Method)
	at sun.reflect.NativeMethodAccessorImpl.invoke(NativeMethodAccessorImpl.java:57)
	at sun.reflect.DelegatingMethodAccessorImpl.invoke(DelegatingMethodAccessorImpl.java:43)
	at java.lang.reflect.Method.invoke(Method.java:606)
	at org.junit.runners.model.FrameworkMethod$1.runReflectiveCall(FrameworkMethod.java:45)
	at org.junit.internal.runners.model.ReflectiveCallable.run(ReflectiveCallable.java:15)
	at org.junit.runners.model.FrameworkMethod.invokeExplosively(FrameworkMethod.java:42)
	at org.junit.internal.runners.statements.InvokeMethod.evaluate(InvokeMethod.java:20)
	at org.junit.internal.runners.statements.RunBefores.evaluate(RunBefores.java:28)
	at org.junit.runners.ParentRunner.runLeaf(ParentRunner.java:263)
	at org.junit.runners.BlockJUnit4ClassRunner.runChild(BlockJUnit4ClassRunner.java:68)
	at org.junit.runners.BlockJUnit4ClassRunner.runChild(BlockJUnit4ClassRunner.java:47)
	at org.junit.runners.ParentRunner$3.run(ParentRunner.java:231)
	at org.junit.runners.ParentRunner$1.schedule(ParentRunner.java:60)
	at org.junit.runners.ParentRunner.runChildren(ParentRunner.java:229)
	at org.junit.runners.ParentRunner.access$000(ParentRunner.java:50)
	at org.junit.runners.ParentRunner$2.evaluate(ParentRunner.java:222)
	at org.junit.runners.ParentRunner.run(ParentRunner.java:300)
	at org.apache.maven.surefire.junit4.JUnit4Provider.execute(JUnit4Provider.java:252)
	at org.apache.maven.surefire.junit4.JUnit4Provider.executeTestSet(JUnit4Provider.java:141)
	at org.apache.maven.surefire.junit4.JUnit4Provider.invoke(JUnit4Provider.java:112)
	at sun.reflect.NativeMethodAccessorImpl.invoke0(Native Method)
	at sun.reflect.NativeMethodAccessorImpl.invoke(NativeMethodAccessorImpl.java:57)
	at sun.reflect.DelegatingMethodAccessorImpl.invoke(DelegatingMethodAccessorImpl.java:43)
	at java.lang.reflect.Method.invoke(Method.java:606)
	at org.apache.maven.surefire.util.ReflectionUtils.invokeMethodWithArray(ReflectionUtils.java:189)
	at org.apache.maven.surefire.booter.ProviderFactory$ProviderProxy.invoke(ProviderFactory.java:165)
	at org.apache.maven.surefire.booter.ProviderFactory.invokeProvider(ProviderFactory.java:85)
	at org.apache.maven.surefire.booter.ForkedBooter.runSuitesInProcess(ForkedBooter.java:115)
	at org.apache.maven.surefire.booter.ForkedBooter.main(ForkedBooter.java:75)
</failure>
    <system-out>2015-04-04 18:11:12,112 [main] [org.springframework.core.env.StandardEnvironment]-[DEBUG] Adding [systemProperties] PropertySource with lowest search precedence
2015-04-04 18:11:12,112 [main] [org.springframework.core.env.StandardEnvironment]-[DEBUG] Adding [systemEnvironment] PropertySource with lowest search precedence
2015-04-04 18:11:12,112 [main] [org.springframework.core.env.StandardEnvironment]-[DEBUG] Initialized StandardEnvironment with PropertySources [systemProperties,systemEnvironment]
2015-04-04 18:11:12,112 [main] [org.springframework.context.support.ClassPathXmlApplicationContext]-[INFO] Refreshing org.springframework.context.support.ClassPathXmlApplicationContext@3af54caa: startup date [Sat Apr 04 18:11:12 CST 2015]; root of context hierarchy
2015-04-04 18:11:12,113 [main] [org.springframework.core.env.StandardEnvironment]-[DEBUG] Adding [systemProperties] PropertySource with lowest search precedence
2015-04-04 18:11:12,113 [main] [org.springframework.core.env.StandardEnvironment]-[DEBUG] Adding [systemEnvironment] PropertySource with lowest search precedence
2015-04-04 18:11:12,113 [main] [org.springframework.core.env.StandardEnvironment]-[DEBUG] Initialized StandardEnvironment with PropertySources [systemProperties,systemEnvironment]
2015-04-04 18:11:12,113 [main] [org.springframework.core.io.support.PathMatchingResourcePatternResolver]-[DEBUG] Looking for matching resources in directory tree [D:\work0326\eclipse-workspace\taotao-manage\taotao-manage-web\target\classes\spring]
2015-04-04 18:11:12,113 [main] [org.springframework.core.io.support.PathMatchingResourcePatternResolver]-[DEBUG] Searching directory [D:\work0326\eclipse-workspace\taotao-manage\taotao-manage-web\target\classes\spring] for files matching pattern [D:/work0326/eclipse-workspace/taotao-manage/taotao-manage-web/target/classes/spring/applicationContext*.xml]
2015-04-04 18:11:12,114 [main] [org.springframework.core.io.support.PathMatchingResourcePatternResolver]-[DEBUG] Resolved location pattern [spring/applicationContext*.xml] to resources [file [D:\work0326\eclipse-workspace\taotao-manage\taotao-manage-web\target\classes\spring\applicationContext-mybatis.xml], file [D:\work0326\eclipse-workspace\taotao-manage\taotao-manage-web\target\classes\spring\applicationContext-transaction.xml], file [D:\work0326\eclipse-workspace\taotao-manage\taotao-manage-web\target\classes\spring\applicationContext.xml]]
2015-04-04 18:11:12,114 [main] [org.springframework.beans.factory.xml.XmlBeanDefinitionReader]-[INFO] Loading XML bean definitions from file [D:\work0326\eclipse-workspace\taotao-manage\taotao-manage-web\target\classes\spring\applicationContext-mybatis.xml]
2015-04-04 18:11:12,115 [main] [org.springframework.beans.factory.xml.DefaultDocumentLoader]-[DEBUG] Using JAXP provider [com.sun.org.apache.xerces.internal.jaxp.DocumentBuilderFactoryImpl]
2015-04-04 18:11:12,116 [main] [org.springframework.beans.factory.xml.PluggableSchemaResolver]-[DEBUG] Loading schema mappings from [META-INF/spring.schemas]
2015-04-04 18:11:12,118 [main] [org.springframework.beans.factory.xml.PluggableSchemaResolver]-[DEBUG] Loaded schema mappings: {http://www.springframework.org/schema/tx/spring-tx-2.5.xsd=org/springframework/transaction/config/spring-tx-2.5.xsd, http://www.springframework.org/schema/aop/spring-aop-4.1.xsd=org/springframework/aop/config/spring-aop-4.1.xsd, http://www.springframework.org/schema/context/spring-context-3.1.xsd=org/springframework/context/config/spring-context-3.1.xsd, http://www.springframework.org/schema/jdbc/spring-jdbc-4.1.xsd=org/springframework/jdbc/config/spring-jdbc-4.1.xsd, http://www.springframework.org/schema/util/spring-util-3.0.xsd=org/springframework/beans/factory/xml/spring-util-3.0.xsd, http://www.springframework.org/schema/mvc/spring-mvc-4.1.xsd=org/springframework/web/servlet/config/spring-mvc-4.1.xsd, http://www.springframework.org/schema/tool/spring-tool.xsd=org/springframework/beans/factory/xml/spring-tool-4.1.xsd, http://www.springframework.org/schema/aop/spring-aop-3.2.xsd=org/springframework/aop/config/spring-aop-3.2.xsd, http://mybatis.org/schema/mybatis-spring-1.2.xsd=org/mybatis/spring/config/mybatis-spring-1.2.xsd, http://www.springframework.org/schema/lang/spring-lang-4.1.xsd=org/springframework/scripting/config/spring-lang-4.1.xsd, http://www.springframework.org/schema/context/spring-context-4.0.xsd=org/springframework/context/config/spring-context-4.0.xsd, http://www.springframework.org/schema/mvc/spring-mvc-3.2.xsd=org/springframework/web/servlet/config/spring-mvc-3.2.xsd, http://www.springframework.org/schema/tool/spring-tool-4.1.xsd=org/springframework/beans/factory/xml/spring-tool-4.1.xsd, http://www.springframework.org/schema/lang/spring-lang-3.2.xsd=org/springframework/scripting/config/spring-lang-3.2.xsd, http://www.springframework.org/schema/cache/spring-cache-3.2.xsd=org/springframework/cache/config/spring-cache-3.2.xsd, http://www.springframework.org/schema/jee/spring-jee-4.1.xsd=org/springframework/ejb/config/spring-jee-4.1.xsd, http://www.springframework.org/schema/jdbc/spring-jdbc-3.1.xsd=org/springframework/jdbc/config/spring-jdbc-3.1.xsd, http://www.springframework.org/schema/util/spring-util-2.0.xsd=org/springframework/beans/factory/xml/spring-util-2.0.xsd, http://www.springframework.org/schema/tool/spring-tool-3.2.xsd=org/springframework/beans/factory/xml/spring-tool-3.2.xsd, http://www.springframework.org/schema/context/spring-context.xsd=org/springframework/context/config/spring-context-4.1.xsd, http://www.springframework.org/schema/cache/spring-cache-4.1.xsd=org/springframework/cache/config/spring-cache-4.1.xsd, http://www.springframework.org/schema/aop/spring-aop-4.0.xsd=org/springframework/aop/config/spring-aop-4.0.xsd, http://www.springframework.org/schema/jee/spring-jee-3.2.xsd=org/springframework/ejb/config/spring-jee-3.2.xsd, http://www.springframework.org/schema/context/spring-context-3.0.xsd=org/springframework/context/config/spring-context-3.0.xsd, http://www.springframework.org/schema/jdbc/spring-jdbc-4.0.xsd=org/springframework/jdbc/config/spring-jdbc-4.0.xsd, http://www.springframework.org/schema/util/spring-util-2.5.xsd=org/springframework/beans/factory/xml/spring-util-2.5.xsd, http://www.springframework.org/schema/mvc/spring-mvc-4.0.xsd=org/springframework/web/servlet/config/spring-mvc-4.0.xsd, http://www.springframework.org/schema/beans/spring-beans-3.2.xsd=org/springframework/beans/factory/xml/spring-beans-3.2.xsd, http://www.springframework.org/schema/aop/spring-aop-3.1.xsd=org/springframework/aop/config/spring-aop-3.1.xsd, http://www.springframework.org/schema/lang/spring-lang-4.0.xsd=org/springframework/scripting/config/spring-lang-4.0.xsd, http://www.springframework.org/schema/mvc/spring-mvc.xsd=org/springframework/web/servlet/config/spring-mvc-4.1.xsd, http://www.springframework.org/schema/mvc/spring-mvc-3.1.xsd=org/springframework/web/servlet/config/spring-mvc-3.1.xsd, http://www.springframework.org/schema/beans/spring-beans-4.1.xsd=org/springframework/beans/factory/xml/spring-beans-4.1.xsd, http://www.springframework.org/schema/tool/spring-tool-4.0.xsd=org/springframework/beans/factory/xml/spring-tool-4.0.xsd, http://www.springframework.org/schema/lang/spring-lang-3.1.xsd=org/springframework/scripting/config/spring-lang-3.1.xsd, http://www.springframework.org/schema/tx/spring-tx-3.2.xsd=org/springframework/transaction/config/spring-tx-3.2.xsd, http://www.springframework.org/schema/cache/spring-cache-3.1.xsd=org/springframework/cache/config/spring-cache-3.1.xsd, http://www.springframework.org/schema/jee/spring-jee-4.0.xsd=org/springframework/ejb/config/spring-jee-4.0.xsd, http://www.springframework.org/schema/jdbc/spring-jdbc-3.0.xsd=org/springframework/jdbc/config/spring-jdbc-3.0.xsd, http://www.springframework.org/schema/task/spring-task-4.1.xsd=org/springframework/scheduling/config/spring-task-4.1.xsd, http://www.springframework.org/schema/tool/spring-tool-3.1.xsd=org/springframework/beans/factory/xml/spring-tool-3.1.xsd, http://www.springframework.org/schema/jdbc/spring-jdbc.xsd=org/springframework/jdbc/config/spring-jdbc-4.1.xsd, http://www.springframework.org/schema/tx/spring-tx-4.1.xsd=org/springframework/transaction/config/spring-tx-4.1.xsd, http://www.springframework.org/schema/cache/spring-cache-4.0.xsd=org/springframework/cache/config/spring-cache-4.0.xsd, http://www.springframework.org/schema/jee/spring-jee-3.1.xsd=org/springframework/ejb/config/spring-jee-3.1.xsd, http://www.springframework.org/schema/task/spring-task-3.2.xsd=org/springframework/scheduling/config/spring-task-3.2.xsd, http://www.springframework.org/schema/beans/spring-beans-3.1.xsd=org/springframework/beans/factory/xml/spring-beans-3.1.xsd, http://www.springframework.org/schema/util/spring-util.xsd=org/springframework/beans/factory/xml/spring-util-4.1.xsd, http://www.springframework.org/schema/aop/spring-aop-3.0.xsd=org/springframework/aop/config/spring-aop-3.0.xsd, http://www.springframework.org/schema/mvc/spring-mvc-3.0.xsd=org/springframework/web/servlet/config/spring-mvc-3.0.xsd, http://www.springframework.org/schema/beans/spring-beans-4.0.xsd=org/springframework/beans/factory/xml/spring-beans-4.0.xsd, http://www.springframework.org/schema/beans/spring-beans.xsd=org/springframework/beans/factory/xml/spring-beans-4.1.xsd, http://www.springframework.org/schema/lang/spring-lang-3.0.xsd=org/springframework/scripting/config/spring-lang-3.0.xsd, http://www.springframework.org/schema/tx/spring-tx-3.1.xsd=org/springframework/transaction/config/spring-tx-3.1.xsd, http://mybatis.org/schema/mybatis-spring.xsd=org/mybatis/spring/config/mybatis-spring-1.2.xsd, http://www.springframework.org/schema/context/spring-context-2.5.xsd=org/springframework/context/config/spring-context-2.5.xsd, http://www.springframework.org/schema/task/spring-task-4.0.xsd=org/springframework/scheduling/config/spring-task-4.0.xsd, http://www.springframework.org/schema/tool/spring-tool-3.0.xsd=org/springframework/beans/factory/xml/spring-tool-3.0.xsd, http://www.springframework.org/schema/tx/spring-tx-4.0.xsd=org/springframework/transaction/config/spring-tx-4.0.xsd, http://www.springframework.org/schema/aop/spring-aop-2.0.xsd=org/springframework/aop/config/spring-aop-2.0.xsd, http://www.springframework.org/schema/jee/spring-jee-3.0.xsd=org/springframework/ejb/config/spring-jee-3.0.xsd, http://www.springframework.org/schema/util/spring-util-4.1.xsd=org/springframework/beans/factory/xml/spring-util-4.1.xsd, http://www.springframework.org/schema/task/spring-task-3.1.xsd=org/springframework/scheduling/config/spring-task-3.1.xsd, http://www.springframework.org/schema/beans/spring-beans-3.0.xsd=org/springframework/beans/factory/xml/spring-beans-3.0.xsd, http://www.springframework.org/schema/jee/spring-jee.xsd=org/springframework/ejb/config/spring-jee-4.1.xsd, http://www.springframework.org/schema/aop/spring-aop-2.5.xsd=org/springframework/aop/config/spring-aop-2.5.xsd, http://www.springframework.org/schema/lang/spring-lang-2.0.xsd=org/springframework/scripting/config/spring-lang-2.0.xsd, http://www.springframework.org/schema/util/spring-util-3.2.xsd=org/springframework/beans/factory/xml/spring-util-3.2.xsd, http://www.springframework.org/schema/task/spring-task.xsd=org/springframework/scheduling/config/spring-task-4.1.xsd, http://www.springframework.org/schema/tool/spring-tool-2.0.xsd=org/springframework/beans/factory/xml/spring-tool-2.0.xsd, http://www.springframework.org/schema/tx/spring-tx-3.0.xsd=org/springframework/transaction/config/spring-tx-3.0.xsd, http://www.springframework.org/schema/lang/spring-lang-2.5.xsd=org/springframework/scripting/config/spring-lang-2.5.xsd, http://www.springframework.org/schema/jee/spring-jee-2.0.xsd=org/springframework/ejb/config/spring-jee-2.0.xsd, http://www.springframework.org/schema/tool/spring-tool-2.5.xsd=org/springframework/beans/factory/xml/spring-tool-2.5.xsd, http://www.springframework.org/schema/jee/spring-jee-2.5.xsd=org/springframework/ejb/config/spring-jee-2.5.xsd, http://www.springframework.org/schema/util/spring-util-4.0.xsd=org/springframework/beans/factory/xml/spring-util-4.0.xsd, http://www.springframework.org/schema/task/spring-task-3.0.xsd=org/springframework/scheduling/config/spring-task-3.0.xsd, http://www.springframework.org/schema/lang/spring-lang.xsd=org/springframework/scripting/config/spring-lang-4.1.xsd, http://www.springframework.org/schema/context/spring-context-3.2.xsd=org/springframework/context/config/spring-context-3.2.xsd, http://www.springframework.org/schema/util/spring-util-3.1.xsd=org/springframework/beans/factory/xml/spring-util-3.1.xsd, http://www.springframework.org/schema/beans/spring-beans-2.0.xsd=org/springframework/beans/factory/xml/spring-beans-2.0.xsd, http://www.springframework.org/schema/cache/spring-cache.xsd=org/springframework/cache/config/spring-cache-4.1.xsd, http://www.springframework.org/schema/tx/spring-tx.xsd=org/springframework/transaction/config/spring-tx-4.1.xsd, http://www.springframework.org/schema/context/spring-context-4.1.xsd=org/springframework/context/config/spring-context-4.1.xsd, http://www.springframework.org/schema/beans/spring-beans-2.5.xsd=org/springframework/beans/factory/xml/spring-beans-2.5.xsd, http://www.springframework.org/schema/tx/spring-tx-2.0.xsd=org/springframework/transaction/config/spring-tx-2.0.xsd, http://www.springframework.org/schema/jdbc/spring-jdbc-3.2.xsd=org/springframework/jdbc/config/spring-jdbc-3.2.xsd, http://www.springframework.org/schema/aop/spring-aop.xsd=org/springframework/aop/config/spring-aop-4.1.xsd}
2015-04-04 18:11:12,119 [main] [org.springframework.beans.factory.xml.PluggableSchemaResolver]-[DEBUG] Found XML schema [http://www.springframework.org/schema/beans/spring-beans-4.0.xsd] in classpath: org/springframework/beans/factory/xml/spring-beans-4.0.xsd
2015-04-04 18:11:12,124 [main] [org.springframework.beans.factory.xml.DefaultBeanDefinitionDocumentReader]-[DEBUG] Loading bean definitions
2015-04-04 18:11:12,125 [main] [org.springframework.beans.factory.xml.BeanDefinitionParserDelegate]-[DEBUG] Neither XML &apos;id&apos; nor &apos;name&apos; specified - using generated bean name [org.mybatis.spring.mapper.MapperScannerConfigurer#0]
2015-04-04 18:11:12,126 [main] [org.springframework.beans.factory.xml.XmlBeanDefinitionReader]-[INFO] Loading XML bean definitions from file [D:\work0326\eclipse-workspace\taotao-manage\taotao-manage-web\target\classes\spring\applicationContext-transaction.xml]
2015-04-04 18:11:12,126 [main] [org.springframework.beans.factory.xml.DefaultDocumentLoader]-[DEBUG] Using JAXP provider [com.sun.org.apache.xerces.internal.jaxp.DocumentBuilderFactoryImpl]
2015-04-04 18:11:12,128 [main] [org.springframework.beans.factory.xml.PluggableSchemaResolver]-[DEBUG] Found XML schema [http://www.springframework.org/schema/beans/spring-beans-4.0.xsd] in classpath: org/springframework/beans/factory/xml/spring-beans-4.0.xsd
2015-04-04 18:11:12,133 [main] [org.springframework.beans.factory.xml.PluggableSchemaResolver]-[DEBUG] Found XML schema [http://www.springframework.org/schema/tx/spring-tx-4.0.xsd] in classpath: org/springframework/transaction/config/spring-tx-4.0.xsd
2015-04-04 18:11:12,134 [main] [org.springframework.beans.factory.xml.PluggableSchemaResolver]-[DEBUG] Found XML schema [http://www.springframework.org/schema/tool/spring-tool-4.0.xsd] in classpath: org/springframework/beans/factory/xml/spring-tool-4.0.xsd
2015-04-04 18:11:12,137 [main] [org.springframework.beans.factory.xml.PluggableSchemaResolver]-[DEBUG] Found XML schema [http://www.springframework.org/schema/aop/spring-aop-4.0.xsd] in classpath: org/springframework/aop/config/spring-aop-4.0.xsd
2015-04-04 18:11:12,139 [main] [org.springframework.beans.factory.xml.DefaultBeanDefinitionDocumentReader]-[DEBUG] Loading bean definitions
2015-04-04 18:11:12,141 [main] [org.springframework.beans.factory.xml.DefaultNamespaceHandlerResolver]-[DEBUG] Loaded NamespaceHandler mappings: {http://www.springframework.org/schema/p=org.springframework.beans.factory.xml.SimplePropertyNamespaceHandler, http://www.springframework.org/schema/mvc=org.springframework.web.servlet.config.MvcNamespaceHandler, http://www.springframework.org/schema/util=org.springframework.beans.factory.xml.UtilNamespaceHandler, http://www.springframework.org/schema/jee=org.springframework.ejb.config.JeeNamespaceHandler, http://www.springframework.org/schema/aop=org.springframework.aop.config.AopNamespaceHandler, http://www.springframework.org/schema/jdbc=org.springframework.jdbc.config.JdbcNamespaceHandler, http://www.springframework.org/schema/cache=org.springframework.cache.config.CacheNamespaceHandler, http://mybatis.org/schema/mybatis-spring=org.mybatis.spring.config.NamespaceHandler, http://www.springframework.org/schema/c=org.springframework.beans.factory.xml.SimpleConstructorNamespaceHandler, http://www.springframework.org/schema/tx=org.springframework.transaction.config.TxNamespaceHandler, http://www.springframework.org/schema/task=org.springframework.scheduling.config.TaskNamespaceHandler, http://www.springframework.org/schema/lang=org.springframework.scripting.config.LangNamespaceHandler, http://www.springframework.org/schema/context=org.springframework.context.config.ContextNamespaceHandler}
2015-04-04 18:11:12,142 [main] [org.springframework.beans.factory.xml.XmlBeanDefinitionReader]-[INFO] Loading XML bean definitions from file [D:\work0326\eclipse-workspace\taotao-manage\taotao-manage-web\target\classes\spring\applicationContext.xml]
2015-04-04 18:11:12,143 [main] [org.springframework.beans.factory.xml.DefaultDocumentLoader]-[DEBUG] Using JAXP provider [com.sun.org.apache.xerces.internal.jaxp.DocumentBuilderFactoryImpl]
2015-04-04 18:11:12,144 [main] [org.springframework.beans.factory.xml.PluggableSchemaResolver]-[DEBUG] Found XML schema [http://www.springframework.org/schema/beans/spring-beans-4.0.xsd] in classpath: org/springframework/beans/factory/xml/spring-beans-4.0.xsd
2015-04-04 18:11:12,152 [main] [org.springframework.beans.factory.xml.PluggableSchemaResolver]-[DEBUG] Found XML schema [http://www.springframework.org/schema/context/spring-context-4.0.xsd] in classpath: org/springframework/context/config/spring-context-4.0.xsd
2015-04-04 18:11:12,154 [main] [org.springframework.beans.factory.xml.PluggableSchemaResolver]-[DEBUG] Found XML schema [http://www.springframework.org/schema/tool/spring-tool-4.0.xsd] in classpath: org/springframework/beans/factory/xml/spring-tool-4.0.xsd
2015-04-04 18:11:12,159 [main] [org.springframework.beans.factory.xml.DefaultBeanDefinitionDocumentReader]-[DEBUG] Loading bean definitions
2015-04-04 18:11:12,160 [main] [org.springframework.beans.factory.xml.BeanDefinitionParserDelegate]-[DEBUG] Neither XML &apos;id&apos; nor &apos;name&apos; specified - using generated bean name [org.springframework.beans.factory.config.PropertyPlaceholderConfigurer#0]
2015-04-04 18:11:12,161 [main] [org.springframework.core.env.StandardEnvironment]-[DEBUG] Adding [systemProperties] PropertySource with lowest search precedence
2015-04-04 18:11:12,161 [main] [org.springframework.core.env.StandardEnvironment]-[DEBUG] Adding [systemEnvironment] PropertySource with lowest search precedence
2015-04-04 18:11:12,162 [main] [org.springframework.core.env.StandardEnvironment]-[DEBUG] Initialized StandardEnvironment with PropertySources [systemProperties,systemEnvironment]
2015-04-04 18:11:12,163 [main] [org.springframework.core.io.support.PathMatchingResourcePatternResolver]-[DEBUG] Looking for matching resources in directory tree [D:\work0326\eclipse-workspace\taotao-manage\taotao-manage-web\target\test-classes\com\taotao]
2015-04-04 18:11:12,164 [main] [org.springframework.core.io.support.PathMatchingResourcePatternResolver]-[DEBUG] Searching directory [D:\work0326\eclipse-workspace\taotao-manage\taotao-manage-web\target\test-classes\com\taotao] for files matching pattern [D:/work0326/eclipse-workspace/taotao-manage/taotao-manage-web/target/test-classes/com/taotao/**/*.class]
2015-04-04 18:11:12,164 [main] [org.springframework.core.io.support.PathMatchingResourcePatternResolver]-[DEBUG] Searching directory [D:\work0326\eclipse-workspace\taotao-manage\taotao-manage-web\target\test-classes\com\taotao\manage] for files matching pattern [D:/work0326/eclipse-workspace/taotao-manage/taotao-manage-web/target/test-classes/com/taotao/**/*.class]
2015-04-04 18:11:12,164 [main] [org.springframework.core.io.support.PathMatchingResourcePatternResolver]-[DEBUG] Searching directory [D:\work0326\eclipse-workspace\taotao-manage\taotao-manage-web\target\test-classes\com\taotao\manage\mapper] for files matching pattern [D:/work0326/eclipse-workspace/taotao-manage/taotao-manage-web/target/test-classes/com/taotao/**/*.class]
2015-04-04 18:11:12,165 [main] [org.springframework.core.io.support.PathMatchingResourcePatternResolver]-[DEBUG] Looking for matching resources in directory tree [D:\work0326\eclipse-workspace\taotao-manage\taotao-manage-web\target\classes\com\taotao]
2015-04-04 18:11:12,165 [main] [org.springframework.core.io.support.PathMatchingResourcePatternResolver]-[DEBUG] Searching directory [D:\work0326\eclipse-workspace\taotao-manage\taotao-manage-web\target\classes\com\taotao] for files matching pattern [D:/work0326/eclipse-workspace/taotao-manage/taotao-manage-web/target/classes/com/taotao/**/*.class]
2015-04-04 18:11:12,165 [main] [org.springframework.core.io.support.PathMatchingResourcePatternResolver]-[DEBUG] Searching directory [D:\work0326\eclipse-workspace\taotao-manage\taotao-manage-web\target\classes\com\taotao\manage] for files matching pattern [D:/work0326/eclipse-workspace/taotao-manage/taotao-manage-web/target/classes/com/taotao/**/*.class]
2015-04-04 18:11:12,165 [main] [org.springframework.core.io.support.PathMatchingResourcePatternResolver]-[DEBUG] Searching directory [D:\work0326\eclipse-workspace\taotao-manage\taotao-manage-web\target\classes\com\taotao\manage\controller] for files matching pattern [D:/work0326/eclipse-workspace/taotao-manage/taotao-manage-web/target/classes/com/taotao/**/*.class]
2015-04-04 18:11:12,166 [main] [org.springframework.core.io.support.PathMatchingResourcePatternResolver]-[DEBUG] Searching directory [D:\work0326\eclipse-workspace\taotao-manage\taotao-manage-web\target\classes\com\taotao\manage\controller\web] for files matching pattern [D:/work0326/eclipse-workspace/taotao-manage/taotao-manage-web/target/classes/com/taotao/**/*.class]
2015-04-04 18:11:12,167 [main] [org.springframework.core.io.support.PathMatchingResourcePatternResolver]-[DEBUG] Looking for matching resources in jar file [file:/D:/work0326/eclipse-workspace/taotao-manage/taotao-manage-service/target/taotao-manage-service.jar]
2015-04-04 18:11:12,168 [main] [org.springframework.core.io.support.PathMatchingResourcePatternResolver]-[DEBUG] Looking for matching resources in jar file [file:/D:/work0326/eclipse-workspace/taotao-manage/taotao-manage-mapper/target/taotao-manage-mapper.jar]
2015-04-04 18:11:12,169 [main] [org.springframework.core.io.support.PathMatchingResourcePatternResolver]-[DEBUG] Looking for matching resources in jar file [file:/D:/work0326/eclipse-workspace/taotao-manage/taotao-manage-pojo/target/taotao-manage-pojo.jar]
2015-04-04 18:11:12,170 [main] [org.springframework.core.io.support.PathMatchingResourcePatternResolver]-[DEBUG] Looking for matching resources in jar file [file:/D:/work0326/repository/com/taotao/common/taotao-common/1.0.0-SNAPSHOT/taotao-common-1.0.0-SNAPSHOT.jar]
2015-04-04 18:11:12,171 [main] [org.springframework.core.io.support.PathMatchingResourcePatternResolver]-[DEBUG] Resolved location pattern [classpath*:com/taotao/**/*.class] to resources [file [D:\work0326\eclipse-workspace\taotao-manage\taotao-manage-web\target\test-classes\com\taotao\manage\mapper\ItemMapperTest.class], file [D:\work0326\eclipse-workspace\taotao-manage\taotao-manage-web\target\classes\com\taotao\manage\controller\ContentCategoryController.class], file [D:\work0326\eclipse-workspace\taotao-manage\taotao-manage-web\target\classes\com\taotao\manage\controller\ContentController.class], file [D:\work0326\eclipse-workspace\taotao-manage\taotao-manage-web\target\classes\com\taotao\manage\controller\ItemCatController.class], file [D:\work0326\eclipse-workspace\taotao-manage\taotao-manage-web\target\classes\com\taotao\manage\controller\ItemController.class], file [D:\work0326\eclipse-workspace\taotao-manage\taotao-manage-web\target\classes\com\taotao\manage\controller\ItemParamController.class], file [D:\work0326\eclipse-workspace\taotao-manage\taotao-manage-web\target\classes\com\taotao\manage\controller\PageController.class], file [D:\work0326\eclipse-workspace\taotao-manage\taotao-manage-web\target\classes\com\taotao\manage\controller\PicUploadController.class], file [D:\work0326\eclipse-workspace\taotao-manage\taotao-manage-web\target\classes\com\taotao\manage\controller\web\WebItemCatController.class], URL [jar:file:/D:/work0326/eclipse-workspace/taotao-manage/taotao-manage-service/target/taotao-manage-service.jar!/com/taotao/manage/service/BaseService.class], URL [jar:file:/D:/work0326/eclipse-workspace/taotao-manage/taotao-manage-service/target/taotao-manage-service.jar!/com/taotao/manage/service/ContentCategoryService.class], URL [jar:file:/D:/work0326/eclipse-workspace/taotao-manage/taotao-manage-service/target/taotao-manage-service.jar!/com/taotao/manage/service/ContentService.class], URL [jar:file:/D:/work0326/eclipse-workspace/taotao-manage/taotao-manage-service/target/taotao-manage-service.jar!/com/taotao/manage/service/ItemCatService.class], URL [jar:file:/D:/work0326/eclipse-workspace/taotao-manage/taotao-manage-service/target/taotao-manage-service.jar!/com/taotao/manage/service/ItemDescService.class], URL [jar:file:/D:/work0326/eclipse-workspace/taotao-manage/taotao-manage-service/target/taotao-manage-service.jar!/com/taotao/manage/service/ItemParamItemService.class], URL [jar:file:/D:/work0326/eclipse-workspace/taotao-manage/taotao-manage-service/target/taotao-manage-service.jar!/com/taotao/manage/service/ItemParamService.class], URL [jar:file:/D:/work0326/eclipse-workspace/taotao-manage/taotao-manage-service/target/taotao-manage-service.jar!/com/taotao/manage/service/ItemService.class], URL [jar:file:/D:/work0326/eclipse-workspace/taotao-manage/taotao-manage-service/target/taotao-manage-service.jar!/com/taotao/manage/service/PicUploadService.class], URL [jar:file:/D:/work0326/eclipse-workspace/taotao-manage/taotao-manage-mapper/target/taotao-manage-mapper.jar!/com/taotao/manage/base/mapper/TaotaoMapper.class], URL [jar:file:/D:/work0326/eclipse-workspace/taotao-manage/taotao-manage-mapper/target/taotao-manage-mapper.jar!/com/taotao/manage/base/mapper/TaotaoMapperProvider.class], URL [jar:file:/D:/work0326/eclipse-workspace/taotao-manage/taotao-manage-mapper/target/taotao-manage-mapper.jar!/com/taotao/manage/mapper/ContentCategoryMapper.class], URL [jar:file:/D:/work0326/eclipse-workspace/taotao-manage/taotao-manage-mapper/target/taotao-manage-mapper.jar!/com/taotao/manage/mapper/ContentMapper.class], URL [jar:file:/D:/work0326/eclipse-workspace/taotao-manage/taotao-manage-mapper/target/taotao-manage-mapper.jar!/com/taotao/manage/mapper/ItemCatMapper.class], URL [jar:file:/D:/work0326/eclipse-workspace/taotao-manage/taotao-manage-mapper/target/taotao-manage-mapper.jar!/com/taotao/manage/mapper/ItemDescMapper.class], URL [jar:file:/D:/work0326/eclipse-workspace/taotao-manage/taotao-manage-mapper/target/taotao-manage-mapper.jar!/com/taotao/manage/mapper/ItemMapper.class], URL [jar:file:/D:/work0326/eclipse-workspace/taotao-manage/taotao-manage-mapper/target/taotao-manage-mapper.jar!/com/taotao/manage/mapper/ItemParamItemMapper.class], URL [jar:file:/D:/work0326/eclipse-workspace/taotao-manage/taotao-manage-mapper/target/taotao-manage-mapper.jar!/com/taotao/manage/mapper/ItemParamMapper.class], URL [jar:file:/D:/work0326/eclipse-workspace/taotao-manage/taotao-manage-pojo/target/taotao-manage-pojo.jar!/com/taotao/manage/pojo/BasePojo.class], URL [jar:file:/D:/work0326/eclipse-workspace/taotao-manage/taotao-manage-pojo/target/taotao-manage-pojo.jar!/com/taotao/manage/pojo/Content.class], URL [jar:file:/D:/work0326/eclipse-workspace/taotao-manage/taotao-manage-pojo/target/taotao-manage-pojo.jar!/com/taotao/manage/pojo/ContentCategory.class], URL [jar:file:/D:/work0326/eclipse-workspace/taotao-manage/taotao-manage-pojo/target/taotao-manage-pojo.jar!/com/taotao/manage/pojo/Item.class], URL [jar:file:/D:/work0326/eclipse-workspace/taotao-manage/taotao-manage-pojo/target/taotao-manage-pojo.jar!/com/taotao/manage/pojo/ItemCat.class], URL [jar:file:/D:/work0326/eclipse-workspace/taotao-manage/taotao-manage-pojo/target/taotao-manage-pojo.jar!/com/taotao/manage/pojo/ItemDesc.class], URL [jar:file:/D:/work0326/eclipse-workspace/taotao-manage/taotao-manage-pojo/target/taotao-manage-pojo.jar!/com/taotao/manage/pojo/ItemParam.class], URL [jar:file:/D:/work0326/eclipse-workspace/taotao-manage/taotao-manage-pojo/target/taotao-manage-pojo.jar!/com/taotao/manage/pojo/ItemParamItem.class], URL [jar:file:/D:/work0326/repository/com/taotao/common/taotao-common/1.0.0-SNAPSHOT/taotao-common-1.0.0-SNAPSHOT.jar!/com/taotao/common/spring/exetend/converter/json/CallbackMappingJackson2HttpMessageConverter.class], URL [jar:file:/D:/work0326/repository/com/taotao/common/taotao-common/1.0.0-SNAPSHOT/taotao-common-1.0.0-SNAPSHOT.jar!/com/taotao/common/vo/EasyUIResult.class], URL [jar:file:/D:/work0326/repository/com/taotao/common/taotao-common/1.0.0-SNAPSHOT/taotao-common-1.0.0-SNAPSHOT.jar!/com/taotao/common/vo/ItemCatData.class], URL [jar:file:/D:/work0326/repository/com/taotao/common/taotao-common/1.0.0-SNAPSHOT/taotao-common-1.0.0-SNAPSHOT.jar!/com/taotao/common/vo/ItemCatResult.class], URL [jar:file:/D:/work0326/repository/com/taotao/common/taotao-common/1.0.0-SNAPSHOT/taotao-common-1.0.0-SNAPSHOT.jar!/com/taotao/common/vo/PicUploadResult.class], URL [jar:file:/D:/work0326/repository/com/taotao/common/taotao-common/1.0.0-SNAPSHOT/taotao-common-1.0.0-SNAPSHOT.jar!/com/taotao/common/vo/TaotaoResult.class]]
2015-04-04 18:11:12,172 [main] [org.springframework.context.annotation.ClassPathBeanDefinitionScanner]-[DEBUG] Identified candidate component class: file [D:\work0326\eclipse-workspace\taotao-manage\taotao-manage-web\target\classes\com\taotao\manage\controller\ContentCategoryController.class]
2015-04-04 18:11:12,173 [main] [org.springframework.context.annotation.ClassPathBeanDefinitionScanner]-[DEBUG] Identified candidate component class: file [D:\work0326\eclipse-workspace\taotao-manage\taotao-manage-web\target\classes\com\taotao\manage\controller\ContentController.class]
2015-04-04 18:11:12,173 [main] [org.springframework.context.annotation.ClassPathBeanDefinitionScanner]-[DEBUG] Identified candidate component class: file [D:\work0326\eclipse-workspace\taotao-manage\taotao-manage-web\target\classes\com\taotao\manage\controller\ItemCatController.class]
2015-04-04 18:11:12,174 [main] [org.springframework.context.annotation.ClassPathBeanDefinitionScanner]-[DEBUG] Identified candidate component class: file [D:\work0326\eclipse-workspace\taotao-manage\taotao-manage-web\target\classes\com\taotao\manage\controller\ItemController.class]
2015-04-04 18:11:12,175 [main] [org.springframework.context.annotation.ClassPathBeanDefinitionScanner]-[DEBUG] Identified candidate component class: file [D:\work0326\eclipse-workspace\taotao-manage\taotao-manage-web\target\classes\com\taotao\manage\controller\ItemParamController.class]
2015-04-04 18:11:12,175 [main] [org.springframework.context.annotation.ClassPathBeanDefinitionScanner]-[DEBUG] Identified candidate component class: file [D:\work0326\eclipse-workspace\taotao-manage\taotao-manage-web\target\classes\com\taotao\manage\controller\PageController.class]
2015-04-04 18:11:12,176 [main] [org.springframework.context.annotation.ClassPathBeanDefinitionScanner]-[DEBUG] Identified candidate component class: file [D:\work0326\eclipse-workspace\taotao-manage\taotao-manage-web\target\classes\com\taotao\manage\controller\PicUploadController.class]
2015-04-04 18:11:12,176 [main] [org.springframework.context.annotation.ClassPathBeanDefinitionScanner]-[DEBUG] Identified candidate component class: file [D:\work0326\eclipse-workspace\taotao-manage\taotao-manage-web\target\classes\com\taotao\manage\controller\web\WebItemCatController.class]
2015-04-04 18:11:12,177 [main] [org.springframework.context.annotation.ClassPathBeanDefinitionScanner]-[DEBUG] Ignored because not a concrete top-level class: URL [jar:file:/D:/work0326/eclipse-workspace/taotao-manage/taotao-manage-service/target/taotao-manage-service.jar!/com/taotao/manage/service/BaseService.class]
2015-04-04 18:11:12,177 [main] [org.springframework.context.annotation.ClassPathBeanDefinitionScanner]-[DEBUG] Identified candidate component class: URL [jar:file:/D:/work0326/eclipse-workspace/taotao-manage/taotao-manage-service/target/taotao-manage-service.jar!/com/taotao/manage/service/ContentCategoryService.class]
2015-04-04 18:11:12,178 [main] [org.springframework.context.annotation.ClassPathBeanDefinitionScanner]-[DEBUG] Identified candidate component class: URL [jar:file:/D:/work0326/eclipse-workspace/taotao-manage/taotao-manage-service/target/taotao-manage-service.jar!/com/taotao/manage/service/ContentService.class]
2015-04-04 18:11:12,178 [main] [org.springframework.context.annotation.ClassPathBeanDefinitionScanner]-[DEBUG] Identified candidate component class: URL [jar:file:/D:/work0326/eclipse-workspace/taotao-manage/taotao-manage-service/target/taotao-manage-service.jar!/com/taotao/manage/service/ItemCatService.class]
2015-04-04 18:11:12,179 [main] [org.springframework.context.annotation.ClassPathBeanDefinitionScanner]-[DEBUG] Identified candidate component class: URL [jar:file:/D:/work0326/eclipse-workspace/taotao-manage/taotao-manage-service/target/taotao-manage-service.jar!/com/taotao/manage/service/ItemDescService.class]
2015-04-04 18:11:12,179 [main] [org.springframework.context.annotation.ClassPathBeanDefinitionScanner]-[DEBUG] Identified candidate component class: URL [jar:file:/D:/work0326/eclipse-workspace/taotao-manage/taotao-manage-service/target/taotao-manage-service.jar!/com/taotao/manage/service/ItemParamItemService.class]
2015-04-04 18:11:12,180 [main] [org.springframework.context.annotation.ClassPathBeanDefinitionScanner]-[DEBUG] Identified candidate component class: URL [jar:file:/D:/work0326/eclipse-workspace/taotao-manage/taotao-manage-service/target/taotao-manage-service.jar!/com/taotao/manage/service/ItemParamService.class]
2015-04-04 18:11:12,180 [main] [org.springframework.context.annotation.ClassPathBeanDefinitionScanner]-[DEBUG] Identified candidate component class: URL [jar:file:/D:/work0326/eclipse-workspace/taotao-manage/taotao-manage-service/target/taotao-manage-service.jar!/com/taotao/manage/service/ItemService.class]
2015-04-04 18:11:12,181 [main] [org.springframework.context.annotation.ClassPathBeanDefinitionScanner]-[DEBUG] Identified candidate component class: URL [jar:file:/D:/work0326/eclipse-workspace/taotao-manage/taotao-manage-service/target/taotao-manage-service.jar!/com/taotao/manage/service/PicUploadService.class]
2015-04-04 18:11:12,191 [main] [org.springframework.beans.factory.xml.XmlBeanDefinitionReader]-[DEBUG] Loaded 29 bean definitions from location pattern [spring/applicationContext*.xml]
2015-04-04 18:11:12,191 [main] [org.springframework.context.support.ClassPathXmlApplicationContext]-[DEBUG] Bean factory for org.springframework.context.support.ClassPathXmlApplicationContext@3af54caa: org.springframework.beans.factory.support.DefaultListableBeanFactory@3e5b112a: defining beans [sqlSessionFactory,org.mybatis.spring.mapper.MapperScannerConfigurer#0,transactionManager,txAdvice,org.springframework.aop.config.internalAutoProxyCreator,myPointcut,org.springframework.aop.support.DefaultBeanFactoryPointcutAdvisor#0,org.springframework.beans.factory.config.PropertyPlaceholderConfigurer#0,contentCategoryController,contentController,itemCatController,itemController,itemParamController,pageController,picUploadController,webItemCatController,contentCategoryService,contentService,itemCatService,itemDescService,itemParamItemService,itemParamService,itemService,picUploadService,org.springframework.context.annotation.internalConfigurationAnnotationProcessor,org.springframework.context.annotation.internalAutowiredAnnotationProcessor,org.springframework.context.annotation.internalRequiredAnnotationProcessor,org.springframework.context.annotation.internalCommonAnnotationProcessor,dataSource]; root of factory hierarchy
2015-04-04 18:11:12,193 [main] [org.springframework.beans.factory.support.DefaultListableBeanFactory]-[DEBUG] Creating shared instance of singleton bean &apos;org.springframework.context.annotation.internalConfigurationAnnotationProcessor&apos;
2015-04-04 18:11:12,193 [main] [org.springframework.beans.factory.support.DefaultListableBeanFactory]-[DEBUG] Creating instance of bean &apos;org.springframework.context.annotation.internalConfigurationAnnotationProcessor&apos;
2015-04-04 18:11:12,193 [main] [org.springframework.beans.factory.support.DefaultListableBeanFactory]-[DEBUG] Eagerly caching bean &apos;org.springframework.context.annotation.internalConfigurationAnnotationProcessor&apos; to allow for resolving potential circular references
2015-04-04 18:11:12,193 [main] [org.springframework.beans.factory.support.DefaultListableBeanFactory]-[DEBUG] Finished creating instance of bean &apos;org.springframework.context.annotation.internalConfigurationAnnotationProcessor&apos;
2015-04-04 18:11:12,221 [main] [org.springframework.beans.factory.support.DefaultListableBeanFactory]-[DEBUG] Creating shared instance of singleton bean &apos;org.mybatis.spring.mapper.MapperScannerConfigurer#0&apos;
2015-04-04 18:11:12,221 [main] [org.springframework.beans.factory.support.DefaultListableBeanFactory]-[DEBUG] Creating instance of bean &apos;org.mybatis.spring.mapper.MapperScannerConfigurer#0&apos;
2015-04-04 18:11:12,221 [main] [org.springframework.beans.factory.support.DefaultListableBeanFactory]-[DEBUG] Eagerly caching bean &apos;org.mybatis.spring.mapper.MapperScannerConfigurer#0&apos; to allow for resolving potential circular references
2015-04-04 18:11:12,222 [main] [org.springframework.beans.factory.support.DefaultListableBeanFactory]-[DEBUG] Invoking afterPropertiesSet() on bean with name &apos;org.mybatis.spring.mapper.MapperScannerConfigurer#0&apos;
2015-04-04 18:11:12,222 [main] [org.springframework.beans.factory.support.DefaultListableBeanFactory]-[DEBUG] Finished creating instance of bean &apos;org.mybatis.spring.mapper.MapperScannerConfigurer#0&apos;
2015-04-04 18:11:12,223 [main] [org.springframework.core.env.StandardEnvironment]-[DEBUG] Adding [systemProperties] PropertySource with lowest search precedence
2015-04-04 18:11:12,223 [main] [org.springframework.core.env.StandardEnvironment]-[DEBUG] Adding [systemEnvironment] PropertySource with lowest search precedence
2015-04-04 18:11:12,223 [main] [org.springframework.core.env.StandardEnvironment]-[DEBUG] Initialized StandardEnvironment with PropertySources [systemProperties,systemEnvironment]
2015-04-04 18:11:12,224 [main] [org.springframework.core.io.support.PathMatchingResourcePatternResolver]-[DEBUG] Looking for matching resources in directory tree [D:\work0326\eclipse-workspace\taotao-manage\taotao-manage-web\target\test-classes\com\taotao\manage\mapper]
2015-04-04 18:11:12,224 [main] [org.springframework.core.io.support.PathMatchingResourcePatternResolver]-[DEBUG] Searching directory [D:\work0326\eclipse-workspace\taotao-manage\taotao-manage-web\target\test-classes\com\taotao\manage\mapper] for files matching pattern [D:/work0326/eclipse-workspace/taotao-manage/taotao-manage-web/target/test-classes/com/taotao/manage/mapper/**/*.class]
2015-04-04 18:11:12,224 [main] [org.springframework.core.io.support.PathMatchingResourcePatternResolver]-[DEBUG] Looking for matching resources in jar file [file:/D:/work0326/eclipse-workspace/taotao-manage/taotao-manage-mapper/target/taotao-manage-mapper.jar]
2015-04-04 18:11:12,225 [main] [org.springframework.core.io.support.PathMatchingResourcePatternResolver]-[DEBUG] Resolved location pattern [classpath*:com/taotao/manage/mapper/**/*.class] to resources [file [D:\work0326\eclipse-workspace\taotao-manage\taotao-manage-web\target\test-classes\com\taotao\manage\mapper\ItemMapperTest.class], URL [jar:file:/D:/work0326/eclipse-workspace/taotao-manage/taotao-manage-mapper/target/taotao-manage-mapper.jar!/com/taotao/manage/mapper/ContentCategoryMapper.class], URL [jar:file:/D:/work0326/eclipse-workspace/taotao-manage/taotao-manage-mapper/target/taotao-manage-mapper.jar!/com/taotao/manage/mapper/ContentMapper.class], URL [jar:file:/D:/work0326/eclipse-workspace/taotao-manage/taotao-manage-mapper/target/taotao-manage-mapper.jar!/com/taotao/manage/mapper/ItemCatMapper.class], URL [jar:file:/D:/work0326/eclipse-workspace/taotao-manage/taotao-manage-mapper/target/taotao-manage-mapper.jar!/com/taotao/manage/mapper/ItemDescMapper.class], URL [jar:file:/D:/work0326/eclipse-workspace/taotao-manage/taotao-manage-mapper/target/taotao-manage-mapper.jar!/com/taotao/manage/mapper/ItemMapper.class], URL [jar:file:/D:/work0326/eclipse-workspace/taotao-manage/taotao-manage-mapper/target/taotao-manage-mapper.jar!/com/taotao/manage/mapper/ItemParamItemMapper.class], URL [jar:file:/D:/work0326/eclipse-workspace/taotao-manage/taotao-manage-mapper/target/taotao-manage-mapper.jar!/com/taotao/manage/mapper/ItemParamMapper.class]]
2015-04-04 18:11:12,226 [main] [org.mybatis.spring.mapper.ClassPathMapperScanner]-[DEBUG] Ignored because not a concrete top-level class: file [D:\work0326\eclipse-workspace\taotao-manage\taotao-manage-web\target\test-classes\com\taotao\manage\mapper\ItemMapperTest.class]
2015-04-04 18:11:12,227 [main] [org.mybatis.spring.mapper.ClassPathMapperScanner]-[DEBUG] Identified candidate component class: URL [jar:file:/D:/work0326/eclipse-workspace/taotao-manage/taotao-manage-mapper/target/taotao-manage-mapper.jar!/com/taotao/manage/mapper/ContentCategoryMapper.class]
2015-04-04 18:11:12,227 [main] [org.mybatis.spring.mapper.ClassPathMapperScanner]-[DEBUG] Identified candidate component class: URL [jar:file:/D:/work0326/eclipse-workspace/taotao-manage/taotao-manage-mapper/target/taotao-manage-mapper.jar!/com/taotao/manage/mapper/ContentMapper.class]
2015-04-04 18:11:12,228 [main] [org.mybatis.spring.mapper.ClassPathMapperScanner]-[DEBUG] Identified candidate component class: URL [jar:file:/D:/work0326/eclipse-workspace/taotao-manage/taotao-manage-mapper/target/taotao-manage-mapper.jar!/com/taotao/manage/mapper/ItemCatMapper.class]
2015-04-04 18:11:12,228 [main] [org.mybatis.spring.mapper.ClassPathMapperScanner]-[DEBUG] Identified candidate component class: URL [jar:file:/D:/work0326/eclipse-workspace/taotao-manage/taotao-manage-mapper/target/taotao-manage-mapper.jar!/com/taotao/manage/mapper/ItemDescMapper.class]
2015-04-04 18:11:12,229 [main] [org.mybatis.spring.mapper.ClassPathMapperScanner]-[DEBUG] Identified candidate component class: URL [jar:file:/D:/work0326/eclipse-workspace/taotao-manage/taotao-manage-mapper/target/taotao-manage-mapper.jar!/com/taotao/manage/mapper/ItemMapper.class]
2015-04-04 18:11:12,229 [main] [org.mybatis.spring.mapper.ClassPathMapperScanner]-[DEBUG] Identified candidate component class: URL [jar:file:/D:/work0326/eclipse-workspace/taotao-manage/taotao-manage-mapper/target/taotao-manage-mapper.jar!/com/taotao/manage/mapper/ItemParamItemMapper.class]
2015-04-04 18:11:12,229 [main] [org.mybatis.spring.mapper.ClassPathMapperScanner]-[DEBUG] Identified candidate component class: URL [jar:file:/D:/work0326/eclipse-workspace/taotao-manage/taotao-manage-mapper/target/taotao-manage-mapper.jar!/com/taotao/manage/mapper/ItemParamMapper.class]
2015-04-04 18:11:12,230 [main] [org.mybatis.spring.mapper.ClassPathMapperScanner]-[DEBUG] Creating MapperFactoryBean with name &apos;contentCategoryMapper&apos; and &apos;com.taotao.manage.mapper.ContentCategoryMapper&apos; mapperInterface
2015-04-04 18:11:12,230 [main] [org.mybatis.spring.mapper.ClassPathMapperScanner]-[DEBUG] Enabling autowire by type for MapperFactoryBean with name &apos;contentCategoryMapper&apos;.
2015-04-04 18:11:12,230 [main] [org.mybatis.spring.mapper.ClassPathMapperScanner]-[DEBUG] Creating MapperFactoryBean with name &apos;contentMapper&apos; and &apos;com.taotao.manage.mapper.ContentMapper&apos; mapperInterface
2015-04-04 18:11:12,230 [main] [org.mybatis.spring.mapper.ClassPathMapperScanner]-[DEBUG] Enabling autowire by type for MapperFactoryBean with name &apos;contentMapper&apos;.
2015-04-04 18:11:12,230 [main] [org.mybatis.spring.mapper.ClassPathMapperScanner]-[DEBUG] Creating MapperFactoryBean with name &apos;itemCatMapper&apos; and &apos;com.taotao.manage.mapper.ItemCatMapper&apos; mapperInterface
2015-04-04 18:11:12,230 [main] [org.mybatis.spring.mapper.ClassPathMapperScanner]-[DEBUG] Enabling autowire by type for MapperFactoryBean with name &apos;itemCatMapper&apos;.
2015-04-04 18:11:12,230 [main] [org.mybatis.spring.mapper.ClassPathMapperScanner]-[DEBUG] Creating MapperFactoryBean with name &apos;itemDescMapper&apos; and &apos;com.taotao.manage.mapper.ItemDescMapper&apos; mapperInterface
2015-04-04 18:11:12,230 [main] [org.mybatis.spring.mapper.ClassPathMapperScanner]-[DEBUG] Enabling autowire by type for MapperFactoryBean with name &apos;itemDescMapper&apos;.
2015-04-04 18:11:12,230 [main] [org.mybatis.spring.mapper.ClassPathMapperScanner]-[DEBUG] Creating MapperFactoryBean with name &apos;itemMapper&apos; and &apos;com.taotao.manage.mapper.ItemMapper&apos; mapperInterface
2015-04-04 18:11:12,230 [main] [org.mybatis.spring.mapper.ClassPathMapperScanner]-[DEBUG] Enabling autowire by type for MapperFactoryBean with name &apos;itemMapper&apos;.
2015-04-04 18:11:12,230 [main] [org.mybatis.spring.mapper.ClassPathMapperScanner]-[DEBUG] Creating MapperFactoryBean with name &apos;itemParamItemMapper&apos; and &apos;com.taotao.manage.mapper.ItemParamItemMapper&apos; mapperInterface
2015-04-04 18:11:12,230 [main] [org.mybatis.spring.mapper.ClassPathMapperScanner]-[DEBUG] Enabling autowire by type for MapperFactoryBean with name &apos;itemParamItemMapper&apos;.
2015-04-04 18:11:12,230 [main] [org.mybatis.spring.mapper.ClassPathMapperScanner]-[DEBUG] Creating MapperFactoryBean with name &apos;itemParamMapper&apos; and &apos;com.taotao.manage.mapper.ItemParamMapper&apos; mapperInterface
2015-04-04 18:11:12,230 [main] [org.mybatis.spring.mapper.ClassPathMapperScanner]-[DEBUG] Enabling autowire by type for MapperFactoryBean with name &apos;itemParamMapper&apos;.
2015-04-04 18:11:12,234 [main] [org.springframework.beans.factory.support.DefaultListableBeanFactory]-[DEBUG] Creating shared instance of singleton bean &apos;org.springframework.beans.factory.config.PropertyPlaceholderConfigurer#0&apos;
2015-04-04 18:11:12,234 [main] [org.springframework.beans.factory.support.DefaultListableBeanFactory]-[DEBUG] Creating instance of bean &apos;org.springframework.beans.factory.config.PropertyPlaceholderConfigurer#0&apos;
2015-04-04 18:11:12,235 [main] [org.springframework.beans.factory.support.DefaultListableBeanFactory]-[DEBUG] Eagerly caching bean &apos;org.springframework.beans.factory.config.PropertyPlaceholderConfigurer#0&apos; to allow for resolving potential circular references
2015-04-04 18:11:12,235 [main] [org.springframework.beans.factory.support.DefaultListableBeanFactory]-[DEBUG] Finished creating instance of bean &apos;org.springframework.beans.factory.config.PropertyPlaceholderConfigurer#0&apos;
2015-04-04 18:11:12,235 [main] [org.springframework.beans.factory.config.PropertyPlaceholderConfigurer]-[INFO] Loading properties file from class path resource [jdbc.properties]
2015-04-04 18:11:12,236 [main] [org.springframework.beans.factory.config.PropertyPlaceholderConfigurer]-[INFO] Loading properties file from class path resource [env.properties]
2015-04-04 18:11:12,239 [main] [org.springframework.beans.factory.support.DefaultListableBeanFactory]-[DEBUG] Creating shared instance of singleton bean &apos;org.springframework.context.annotation.internalAutowiredAnnotationProcessor&apos;
2015-04-04 18:11:12,239 [main] [org.springframework.beans.factory.support.DefaultListableBeanFactory]-[DEBUG] Creating instance of bean &apos;org.springframework.context.annotation.internalAutowiredAnnotationProcessor&apos;
2015-04-04 18:11:12,240 [main] [org.springframework.beans.factory.support.DefaultListableBeanFactory]-[DEBUG] Eagerly caching bean &apos;org.springframework.context.annotation.internalAutowiredAnnotationProcessor&apos; to allow for resolving potential circular references
2015-04-04 18:11:12,240 [main] [org.springframework.beans.factory.support.DefaultListableBeanFactory]-[DEBUG] Finished creating instance of bean &apos;org.springframework.context.annotation.internalAutowiredAnnotationProcessor&apos;
2015-04-04 18:11:12,240 [main] [org.springframework.beans.factory.support.DefaultListableBeanFactory]-[DEBUG] Creating shared instance of singleton bean &apos;org.springframework.context.annotation.internalRequiredAnnotationProcessor&apos;
2015-04-04 18:11:12,240 [main] [org.springframework.beans.factory.support.DefaultListableBeanFactory]-[DEBUG] Creating instance of bean &apos;org.springframework.context.annotation.internalRequiredAnnotationProcessor&apos;
2015-04-04 18:11:12,240 [main] [org.springframework.beans.factory.support.DefaultListableBeanFactory]-[DEBUG] Eagerly caching bean &apos;org.springframework.context.annotation.internalRequiredAnnotationProcessor&apos; to allow for resolving potential circular references
2015-04-04 18:11:12,240 [main] [org.springframework.beans.factory.support.DefaultListableBeanFactory]-[DEBUG] Finished creating instance of bean &apos;org.springframework.context.annotation.internalRequiredAnnotationProcessor&apos;
2015-04-04 18:11:12,240 [main] [org.springframework.beans.factory.support.DefaultListableBeanFactory]-[DEBUG] Creating shared instance of singleton bean &apos;org.springframework.context.annotation.internalCommonAnnotationProcessor&apos;
2015-04-04 18:11:12,241 [main] [org.springframework.beans.factory.support.DefaultListableBeanFactory]-[DEBUG] Creating instance of bean &apos;org.springframework.context.annotation.internalCommonAnnotationProcessor&apos;
2015-04-04 18:11:12,241 [main] [org.springframework.beans.factory.support.DefaultListableBeanFactory]-[DEBUG] Eagerly caching bean &apos;org.springframework.context.annotation.internalCommonAnnotationProcessor&apos; to allow for resolving potential circular references
2015-04-04 18:11:12,241 [main] [org.springframework.beans.factory.support.DefaultListableBeanFactory]-[DEBUG] Finished creating instance of bean &apos;org.springframework.context.annotation.internalCommonAnnotationProcessor&apos;
2015-04-04 18:11:12,241 [main] [org.springframework.beans.factory.support.DefaultListableBeanFactory]-[DEBUG] Creating shared instance of singleton bean &apos;org.springframework.context.annotation.ConfigurationClassPostProcessor.importAwareProcessor&apos;
2015-04-04 18:11:12,241 [main] [org.springframework.beans.factory.support.DefaultListableBeanFactory]-[DEBUG] Creating instance of bean &apos;org.springframework.context.annotation.ConfigurationClassPostProcessor.importAwareProcessor&apos;
2015-04-04 18:11:12,241 [main] [org.springframework.beans.factory.support.DefaultListableBeanFactory]-[DEBUG] Eagerly caching bean &apos;org.springframework.context.annotation.ConfigurationClassPostProcessor.importAwareProcessor&apos; to allow for resolving potential circular references
2015-04-04 18:11:12,241 [main] [org.springframework.beans.factory.support.DefaultListableBeanFactory]-[DEBUG] Finished creating instance of bean &apos;org.springframework.context.annotation.ConfigurationClassPostProcessor.importAwareProcessor&apos;
2015-04-04 18:11:12,241 [main] [org.springframework.beans.factory.support.DefaultListableBeanFactory]-[DEBUG] Creating shared instance of singleton bean &apos;org.springframework.context.annotation.ConfigurationClassPostProcessor.enhancedConfigurationProcessor&apos;
2015-04-04 18:11:12,242 [main] [org.springframework.beans.factory.support.DefaultListableBeanFactory]-[DEBUG] Creating instance of bean &apos;org.springframework.context.annotation.ConfigurationClassPostProcessor.enhancedConfigurationProcessor&apos;
2015-04-04 18:11:12,242 [main] [org.springframework.beans.factory.support.DefaultListableBeanFactory]-[DEBUG] Eagerly caching bean &apos;org.springframework.context.annotation.ConfigurationClassPostProcessor.enhancedConfigurationProcessor&apos; to allow for resolving potential circular references
2015-04-04 18:11:12,242 [main] [org.springframework.beans.factory.support.DefaultListableBeanFactory]-[DEBUG] Finished creating instance of bean &apos;org.springframework.context.annotation.ConfigurationClassPostProcessor.enhancedConfigurationProcessor&apos;
2015-04-04 18:11:12,242 [main] [org.springframework.beans.factory.support.DefaultListableBeanFactory]-[DEBUG] Creating shared instance of singleton bean &apos;org.springframework.aop.config.internalAutoProxyCreator&apos;
2015-04-04 18:11:12,242 [main] [org.springframework.beans.factory.support.DefaultListableBeanFactory]-[DEBUG] Creating instance of bean &apos;org.springframework.aop.config.internalAutoProxyCreator&apos;
2015-04-04 18:11:12,243 [main] [org.springframework.beans.factory.support.DefaultListableBeanFactory]-[DEBUG] Eagerly caching bean &apos;org.springframework.aop.config.internalAutoProxyCreator&apos; to allow for resolving potential circular references
2015-04-04 18:11:12,243 [main] [org.springframework.beans.factory.support.DefaultListableBeanFactory]-[DEBUG] Finished creating instance of bean &apos;org.springframework.aop.config.internalAutoProxyCreator&apos;
2015-04-04 18:11:12,243 [main] [org.springframework.context.support.ClassPathXmlApplicationContext]-[DEBUG] Unable to locate MessageSource with name &apos;messageSource&apos;: using default [org.springframework.context.support.DelegatingMessageSource@412865cb]
2015-04-04 18:11:12,243 [main] [org.springframework.context.support.ClassPathXmlApplicationContext]-[DEBUG] Unable to locate ApplicationEventMulticaster with name &apos;applicationEventMulticaster&apos;: using default [org.springframework.context.event.SimpleApplicationEventMulticaster@433313d8]
2015-04-04 18:11:12,246 [main] [org.springframework.beans.factory.support.DefaultListableBeanFactory]-[DEBUG] Pre-instantiating singletons in org.springframework.beans.factory.support.DefaultListableBeanFactory@3e5b112a: defining beans [sqlSessionFactory,org.mybatis.spring.mapper.MapperScannerConfigurer#0,transactionManager,txAdvice,org.springframework.aop.config.internalAutoProxyCreator,myPointcut,org.springframework.aop.support.DefaultBeanFactoryPointcutAdvisor#0,org.springframework.beans.factory.config.PropertyPlaceholderConfigurer#0,contentCategoryController,contentController,itemCatController,itemController,itemParamController,pageController,picUploadController,webItemCatController,contentCategoryService,contentService,itemCatService,itemDescService,itemParamItemService,itemParamService,itemService,picUploadService,org.springframework.context.annotation.internalConfigurationAnnotationProcessor,org.springframework.context.annotation.internalAutowiredAnnotationProcessor,org.springframework.context.annotation.internalRequiredAnnotationProcessor,org.springframework.context.annotation.internalCommonAnnotationProcessor,dataSource,org.springframework.context.annotation.ConfigurationClassPostProcessor.importAwareProcessor,org.springframework.context.annotation.ConfigurationClassPostProcessor.enhancedConfigurationProcessor,contentCategoryMapper,contentMapper,itemCatMapper,itemDescMapper,itemMapper,itemParamItemMapper,itemParamMapper]; root of factory hierarchy
2015-04-04 18:11:12,247 [main] [org.springframework.beans.factory.support.DefaultListableBeanFactory]-[DEBUG] Creating shared instance of singleton bean &apos;sqlSessionFactory&apos;
2015-04-04 18:11:12,247 [main] [org.springframework.beans.factory.support.DefaultListableBeanFactory]-[DEBUG] Creating instance of bean &apos;sqlSessionFactory&apos;
2015-04-04 18:11:12,248 [main] [org.springframework.beans.factory.support.DefaultListableBeanFactory]-[DEBUG] Creating shared instance of singleton bean &apos;org.springframework.aop.support.DefaultBeanFactoryPointcutAdvisor#0&apos;
2015-04-04 18:11:12,248 [main] [org.springframework.beans.factory.support.DefaultListableBeanFactory]-[DEBUG] Creating instance of bean &apos;org.springframework.aop.support.DefaultBeanFactoryPointcutAdvisor#0&apos;
2015-04-04 18:11:12,248 [main] [org.springframework.beans.factory.support.DefaultListableBeanFactory]-[DEBUG] Eagerly caching bean &apos;org.springframework.aop.support.DefaultBeanFactoryPointcutAdvisor#0&apos; to allow for resolving potential circular references
2015-04-04 18:11:12,249 [main] [org.springframework.beans.factory.support.DefaultListableBeanFactory]-[DEBUG] Creating instance of bean &apos;myPointcut&apos;
2015-04-04 18:11:12,249 [main] [org.springframework.beans.factory.support.DefaultListableBeanFactory]-[DEBUG] Finished creating instance of bean &apos;myPointcut&apos;
2015-04-04 18:11:12,249 [main] [org.springframework.beans.factory.support.DefaultListableBeanFactory]-[DEBUG] Finished creating instance of bean &apos;org.springframework.aop.support.DefaultBeanFactoryPointcutAdvisor#0&apos;
2015-04-04 18:11:12,250 [main] [org.springframework.beans.factory.support.DefaultListableBeanFactory]-[DEBUG] Eagerly caching bean &apos;sqlSessionFactory&apos; to allow for resolving potential circular references
2015-04-04 18:11:12,250 [main] [org.springframework.beans.factory.support.DefaultListableBeanFactory]-[DEBUG] Creating shared instance of singleton bean &apos;dataSource&apos;
2015-04-04 18:11:12,250 [main] [org.springframework.beans.factory.support.DefaultListableBeanFactory]-[DEBUG] Creating instance of bean &apos;dataSource&apos;
2015-04-04 18:11:12,250 [main] [org.springframework.beans.factory.support.DefaultListableBeanFactory]-[DEBUG] Returning cached instance of singleton bean &apos;org.springframework.aop.support.DefaultBeanFactoryPointcutAdvisor#0&apos;
2015-04-04 18:11:12,260 [main] [org.springframework.beans.factory.support.DefaultListableBeanFactory]-[DEBUG] Eagerly caching bean &apos;dataSource&apos; to allow for resolving potential circular references
2015-04-04 18:11:12,261 [main] [com.jolbox.bonecp.BoneCPConfig]-[WARN] Please use setIdleConnectionTestPeriodInMinutes in place of setIdleConnectionTestPeriod. This method has been deprecated.
2015-04-04 18:11:12,261 [main] [com.jolbox.bonecp.BoneCPConfig]-[WARN] Please use setIdleMaxAgeInMinutes in place of setIdleMaxAge. This method has been deprecated.
2015-04-04 18:11:12,261 [main] [org.springframework.beans.factory.support.DefaultListableBeanFactory]-[DEBUG] Returning cached instance of singleton bean &apos;org.springframework.aop.support.DefaultBeanFactoryPointcutAdvisor#0&apos;
2015-04-04 18:11:12,261 [main] [org.springframework.beans.factory.support.DefaultListableBeanFactory]-[DEBUG] Returning cached instance of singleton bean &apos;org.springframework.aop.support.DefaultBeanFactoryPointcutAdvisor#0&apos;
2015-04-04 18:11:12,281 [main] [org.springframework.beans.factory.support.DefaultListableBeanFactory]-[DEBUG] Finished creating instance of bean &apos;dataSource&apos;
2015-04-04 18:11:12,282 [main] [org.springframework.core.io.support.PathMatchingResourcePatternResolver]-[DEBUG] Looking for matching resources in directory tree [D:\work0326\eclipse-workspace\taotao-manage\taotao-manage-web\target\classes\mybatis\mappers]
2015-04-04 18:11:12,282 [main] [org.springframework.core.io.support.PathMatchingResourcePatternResolver]-[DEBUG] Searching directory [D:\work0326\eclipse-workspace\taotao-manage\taotao-manage-web\target\classes\mybatis\mappers] for files matching pattern [D:/work0326/eclipse-workspace/taotao-manage/taotao-manage-web/target/classes/mybatis/mappers/**/*.xml]
2015-04-04 18:11:12,282 [main] [org.springframework.core.io.support.PathMatchingResourcePatternResolver]-[DEBUG] Resolved location pattern [classpath:mybatis/mappers/**/*.xml] to resources [file [D:\work0326\eclipse-workspace\taotao-manage\taotao-manage-web\target\classes\mybatis\mappers\ContentMapper.xml], file [D:\work0326\eclipse-workspace\taotao-manage\taotao-manage-web\target\classes\mybatis\mappers\ItemCatMapper.xml]]
2015-04-04 18:11:12,283 [main] [org.springframework.beans.factory.support.DefaultListableBeanFactory]-[DEBUG] Invoking afterPropertiesSet() on bean with name &apos;sqlSessionFactory&apos;
2015-04-04 18:11:12,288 [main] [org.apache.ibatis.io.ResolverUtil]-[DEBUG] Find JAR URL: jar:file:/D:/work0326/eclipse-workspace/taotao-manage/taotao-manage-pojo/target/taotao-manage-pojo.jar!/com/taotao/manage/pojo
2015-04-04 18:11:12,288 [main] [org.apache.ibatis.io.ResolverUtil]-[DEBUG] Inner URL: file:/D:/work0326/eclipse-workspace/taotao-manage/taotao-manage-pojo/target/taotao-manage-pojo.jar!/com/taotao/manage/pojo
2015-04-04 18:11:12,288 [main] [org.apache.ibatis.io.ResolverUtil]-[DEBUG] Extracted JAR URL: file:/D:/work0326/eclipse-workspace/taotao-manage/taotao-manage-pojo/target/taotao-manage-pojo.jar
2015-04-04 18:11:12,288 [main] [org.apache.ibatis.io.ResolverUtil]-[DEBUG] Found JAR: file:/D:/work0326/eclipse-workspace/taotao-manage/taotao-manage-pojo/target/taotao-manage-pojo.jar
2015-04-04 18:11:12,288 [main] [org.apache.ibatis.io.ResolverUtil]-[DEBUG] Listing jar:file:/D:/work0326/eclipse-workspace/taotao-manage/taotao-manage-pojo/target/taotao-manage-pojo.jar!/com/taotao/manage/pojo
2015-04-04 18:11:12,289 [main] [org.apache.ibatis.io.ResolverUtil]-[DEBUG] Found resource: /com/taotao/manage/pojo/BasePojo.class
2015-04-04 18:11:12,289 [main] [org.apache.ibatis.io.ResolverUtil]-[DEBUG] Found resource: /com/taotao/manage/pojo/Content.class
2015-04-04 18:11:12,289 [main] [org.apache.ibatis.io.ResolverUtil]-[DEBUG] Found resource: /com/taotao/manage/pojo/ContentCategory.class
2015-04-04 18:11:12,290 [main] [org.apache.ibatis.io.ResolverUtil]-[DEBUG] Found resource: /com/taotao/manage/pojo/Item.class
2015-04-04 18:11:12,290 [main] [org.apache.ibatis.io.ResolverUtil]-[DEBUG] Found resource: /com/taotao/manage/pojo/ItemCat.class
2015-04-04 18:11:12,290 [main] [org.apache.ibatis.io.ResolverUtil]-[DEBUG] Found resource: /com/taotao/manage/pojo/ItemDesc.class
2015-04-04 18:11:12,290 [main] [org.apache.ibatis.io.ResolverUtil]-[DEBUG] Found resource: /com/taotao/manage/pojo/ItemParam.class
2015-04-04 18:11:12,290 [main] [org.apache.ibatis.io.ResolverUtil]-[DEBUG] Found resource: /com/taotao/manage/pojo/ItemParamItem.class
2015-04-04 18:11:12,290 [main] [org.apache.ibatis.io.ResolverUtil]-[DEBUG] Checking to see if class com.taotao.manage.pojo.BasePojo matches criteria [is assignable to Object]
2015-04-04 18:11:12,290 [main] [org.apache.ibatis.io.ResolverUtil]-[DEBUG] Checking to see if class com.taotao.manage.pojo.Content matches criteria [is assignable to Object]
2015-04-04 18:11:12,290 [main] [org.apache.ibatis.io.ResolverUtil]-[DEBUG] Checking to see if class com.taotao.manage.pojo.ContentCategory matches criteria [is assignable to Object]
2015-04-04 18:11:12,291 [main] [org.apache.ibatis.io.ResolverUtil]-[DEBUG] Checking to see if class com.taotao.manage.pojo.Item matches criteria [is assignable to Object]
2015-04-04 18:11:12,291 [main] [org.apache.ibatis.io.ResolverUtil]-[DEBUG] Checking to see if class com.taotao.manage.pojo.ItemCat matches criteria [is assignable to Object]
2015-04-04 18:11:12,291 [main] [org.apache.ibatis.io.ResolverUtil]-[DEBUG] Checking to see if class com.taotao.manage.pojo.ItemDesc matches criteria [is assignable to Object]
2015-04-04 18:11:12,291 [main] [org.apache.ibatis.io.ResolverUtil]-[DEBUG] Checking to see if class com.taotao.manage.pojo.ItemParam matches criteria [is assignable to Object]
2015-04-04 18:11:12,291 [main] [org.apache.ibatis.io.ResolverUtil]-[DEBUG] Checking to see if class com.taotao.manage.pojo.ItemParamItem matches criteria [is assignable to Object]
2015-04-04 18:11:12,291 [main] [org.mybatis.spring.SqlSessionFactoryBean]-[DEBUG] Scanned package: &apos;com.taotao.manage.pojo&apos; for aliases
2015-04-04 18:11:12,304 [main] [org.mybatis.spring.SqlSessionFactoryBean]-[DEBUG] Parsed configuration file: &apos;class path resource [mybatis/mybatis-config.xml]&apos;
2015-04-04 18:11:12,317 [main] [org.mybatis.spring.SqlSessionFactoryBean]-[DEBUG] Parsed mapper file: &apos;file [D:\work0326\eclipse-workspace\taotao-manage\taotao-manage-web\target\classes\mybatis\mappers\ContentMapper.xml]&apos;
2015-04-04 18:11:12,326 [main] [org.mybatis.spring.SqlSessionFactoryBean]-[DEBUG] Parsed mapper file: &apos;file [D:\work0326\eclipse-workspace\taotao-manage\taotao-manage-web\target\classes\mybatis\mappers\ItemCatMapper.xml]&apos;
2015-04-04 18:11:12,326 [main] [org.springframework.beans.factory.support.DefaultListableBeanFactory]-[DEBUG] Returning cached instance of singleton bean &apos;org.springframework.aop.support.DefaultBeanFactoryPointcutAdvisor#0&apos;
2015-04-04 18:11:12,326 [main] [org.springframework.beans.factory.support.DefaultListableBeanFactory]-[DEBUG] Returning cached instance of singleton bean &apos;org.springframework.aop.support.DefaultBeanFactoryPointcutAdvisor#0&apos;
2015-04-04 18:11:12,329 [main] [org.springframework.beans.factory.support.DefaultListableBeanFactory]-[DEBUG] Finished creating instance of bean &apos;sqlSessionFactory&apos;
2015-04-04 18:11:12,329 [main] [org.springframework.beans.factory.support.DefaultListableBeanFactory]-[DEBUG] Returning cached instance of singleton bean &apos;org.mybatis.spring.mapper.MapperScannerConfigurer#0&apos;
2015-04-04 18:11:12,329 [main] [org.springframework.beans.factory.support.DefaultListableBeanFactory]-[DEBUG] Creating shared instance of singleton bean &apos;transactionManager&apos;
2015-04-04 18:11:12,329 [main] [org.springframework.beans.factory.support.DefaultListableBeanFactory]-[DEBUG] Creating instance of bean &apos;transactionManager&apos;
2015-04-04 18:11:12,329 [main] [org.springframework.beans.factory.support.DefaultListableBeanFactory]-[DEBUG] Returning cached instance of singleton bean &apos;org.springframework.aop.support.DefaultBeanFactoryPointcutAdvisor#0&apos;
2015-04-04 18:11:12,330 [main] [org.springframework.beans.factory.support.DefaultListableBeanFactory]-[DEBUG] Eagerly caching bean &apos;transactionManager&apos; to allow for resolving potential circular references
2015-04-04 18:11:12,330 [main] [org.springframework.beans.factory.support.DefaultListableBeanFactory]-[DEBUG] Returning cached instance of singleton bean &apos;dataSource&apos;
2015-04-04 18:11:12,330 [main] [org.springframework.beans.factory.support.DefaultListableBeanFactory]-[DEBUG] Invoking afterPropertiesSet() on bean with name &apos;transactionManager&apos;
2015-04-04 18:11:12,330 [main] [org.springframework.beans.factory.support.DefaultListableBeanFactory]-[DEBUG] Returning cached instance of singleton bean &apos;org.springframework.aop.support.DefaultBeanFactoryPointcutAdvisor#0&apos;
2015-04-04 18:11:12,330 [main] [org.springframework.beans.factory.support.DefaultListableBeanFactory]-[DEBUG] Returning cached instance of singleton bean &apos;org.springframework.aop.support.DefaultBeanFactoryPointcutAdvisor#0&apos;
2015-04-04 18:11:12,332 [main] [org.springframework.beans.factory.support.DefaultListableBeanFactory]-[DEBUG] Finished creating instance of bean &apos;transactionManager&apos;
2015-04-04 18:11:12,333 [main] [org.springframework.beans.factory.support.DefaultListableBeanFactory]-[DEBUG] Creating shared instance of singleton bean &apos;txAdvice&apos;
2015-04-04 18:11:12,333 [main] [org.springframework.beans.factory.support.DefaultListableBeanFactory]-[DEBUG] Creating instance of bean &apos;txAdvice&apos;
2015-04-04 18:11:12,333 [main] [org.springframework.beans.factory.support.DefaultListableBeanFactory]-[DEBUG] Eagerly caching bean &apos;txAdvice&apos; to allow for resolving potential circular references
2015-04-04 18:11:12,334 [main] [org.springframework.beans.factory.support.DefaultListableBeanFactory]-[DEBUG] Returning cached instance of singleton bean &apos;transactionManager&apos;
2015-04-04 18:11:12,334 [main] [org.springframework.beans.factory.support.DefaultListableBeanFactory]-[DEBUG] Creating instance of bean &apos;(inner bean)#725746c&apos;
2015-04-04 18:11:12,334 [main] [org.springframework.beans.factory.support.DefaultListableBeanFactory]-[DEBUG] Returning cached instance of singleton bean &apos;org.springframework.aop.support.DefaultBeanFactoryPointcutAdvisor#0&apos;
2015-04-04 18:11:12,334 [main] [org.springframework.transaction.interceptor.NameMatchTransactionAttributeSource]-[DEBUG] Adding transactional method [query*] with attribute [PROPAGATION_REQUIRED,ISOLATION_DEFAULT,readOnly]
2015-04-04 18:11:12,334 [main] [org.springframework.transaction.interceptor.NameMatchTransactionAttributeSource]-[DEBUG] Adding transactional method [*] with attribute [PROPAGATION_REQUIRED,ISOLATION_DEFAULT]
2015-04-04 18:11:12,335 [main] [org.springframework.beans.factory.support.DefaultListableBeanFactory]-[DEBUG] Returning cached instance of singleton bean &apos;org.springframework.aop.support.DefaultBeanFactoryPointcutAdvisor#0&apos;
2015-04-04 18:11:12,335 [main] [org.springframework.beans.factory.support.DefaultListableBeanFactory]-[DEBUG] Returning cached instance of singleton bean &apos;org.springframework.aop.support.DefaultBeanFactoryPointcutAdvisor#0&apos;
2015-04-04 18:11:12,336 [main] [org.springframework.beans.factory.support.DefaultListableBeanFactory]-[DEBUG] Finished creating instance of bean &apos;(inner bean)#725746c&apos;
2015-04-04 18:11:12,336 [main] [org.springframework.beans.factory.support.DefaultListableBeanFactory]-[DEBUG] Invoking afterPropertiesSet() on bean with name &apos;txAdvice&apos;
2015-04-04 18:11:12,336 [main] [org.springframework.beans.factory.support.DefaultListableBeanFactory]-[DEBUG] Finished creating instance of bean &apos;txAdvice&apos;
2015-04-04 18:11:12,336 [main] [org.springframework.beans.factory.support.DefaultListableBeanFactory]-[DEBUG] Returning cached instance of singleton bean &apos;org.springframework.aop.config.internalAutoProxyCreator&apos;
2015-04-04 18:11:12,336 [main] [org.springframework.beans.factory.support.DefaultListableBeanFactory]-[DEBUG] Returning cached instance of singleton bean &apos;org.springframework.aop.support.DefaultBeanFactoryPointcutAdvisor#0&apos;
2015-04-04 18:11:12,336 [main] [org.springframework.beans.factory.support.DefaultListableBeanFactory]-[DEBUG] Returning cached instance of singleton bean &apos;org.springframework.beans.factory.config.PropertyPlaceholderConfigurer#0&apos;
2015-04-04 18:11:12,336 [main] [org.springframework.beans.factory.support.DefaultListableBeanFactory]-[DEBUG] Creating shared instance of singleton bean &apos;contentCategoryController&apos;
2015-04-04 18:11:12,336 [main] [org.springframework.beans.factory.support.DefaultListableBeanFactory]-[DEBUG] Creating instance of bean &apos;contentCategoryController&apos;
2015-04-04 18:11:12,336 [main] [org.springframework.beans.factory.support.DefaultListableBeanFactory]-[DEBUG] Returning cached instance of singleton bean &apos;org.springframework.aop.support.DefaultBeanFactoryPointcutAdvisor#0&apos;
2015-04-04 18:11:12,338 [main] [org.springframework.beans.factory.annotation.InjectionMetadata]-[DEBUG] Registered injected element on class [com.taotao.manage.controller.ContentCategoryController]: AutowiredFieldElement for private com.taotao.manage.service.ContentCategoryService com.taotao.manage.controller.ContentCategoryController.contentCategoryService
2015-04-04 18:11:12,338 [main] [org.springframework.beans.factory.support.DefaultListableBeanFactory]-[DEBUG] Eagerly caching bean &apos;contentCategoryController&apos; to allow for resolving potential circular references
2015-04-04 18:11:12,338 [main] [org.springframework.beans.factory.annotation.InjectionMetadata]-[DEBUG] Processing injected method of bean &apos;contentCategoryController&apos;: AutowiredFieldElement for private com.taotao.manage.service.ContentCategoryService com.taotao.manage.controller.ContentCategoryController.contentCategoryService
2015-04-04 18:11:12,338 [main] [org.springframework.beans.factory.support.DefaultListableBeanFactory]-[DEBUG] Returning cached instance of singleton bean &apos;org.springframework.aop.support.DefaultBeanFactoryPointcutAdvisor#0&apos;
2015-04-04 18:11:12,338 [main] [org.springframework.beans.factory.support.DefaultListableBeanFactory]-[DEBUG] Creating shared instance of singleton bean &apos;contentCategoryMapper&apos;
2015-04-04 18:11:12,339 [main] [org.springframework.beans.factory.support.DefaultListableBeanFactory]-[DEBUG] Creating instance of bean &apos;contentCategoryMapper&apos;
2015-04-04 18:11:12,339 [main] [org.springframework.beans.factory.support.DefaultListableBeanFactory]-[DEBUG] Eagerly caching bean &apos;contentCategoryMapper&apos; to allow for resolving potential circular references
2015-04-04 18:11:12,339 [main] [org.springframework.beans.factory.support.DefaultListableBeanFactory]-[DEBUG] Returning cached instance of singleton bean &apos;org.springframework.aop.support.DefaultBeanFactoryPointcutAdvisor#0&apos;
2015-04-04 18:11:12,339 [main] [org.springframework.beans.factory.support.DefaultListableBeanFactory]-[DEBUG] Returning cached instance of singleton bean &apos;org.springframework.aop.support.DefaultBeanFactoryPointcutAdvisor#0&apos;
2015-04-04 18:11:12,341 [main] [org.springframework.beans.factory.support.DefaultListableBeanFactory]-[DEBUG] Returning eagerly cached instance of singleton bean &apos;contentCategoryMapper&apos; that is not fully initialized yet - a consequence of a circular reference
2015-04-04 18:11:12,341 [main] [org.springframework.beans.factory.support.DefaultListableBeanFactory]-[DEBUG] Returning cached instance of singleton bean &apos;org.springframework.aop.support.DefaultBeanFactoryPointcutAdvisor#0&apos;
2015-04-04 18:11:12,341 [main] [org.springframework.beans.factory.support.DefaultListableBeanFactory]-[DEBUG] Creating shared instance of singleton bean &apos;contentMapper&apos;
2015-04-04 18:11:12,341 [main] [org.springframework.beans.factory.support.DefaultListableBeanFactory]-[DEBUG] Creating instance of bean &apos;contentMapper&apos;
2015-04-04 18:11:12,342 [main] [org.springframework.beans.factory.support.DefaultListableBeanFactory]-[DEBUG] Eagerly caching bean &apos;contentMapper&apos; to allow for resolving potential circular references
2015-04-04 18:11:12,342 [main] [org.springframework.beans.factory.support.DefaultListableBeanFactory]-[DEBUG] Returning cached instance of singleton bean &apos;org.springframework.aop.support.DefaultBeanFactoryPointcutAdvisor#0&apos;
2015-04-04 18:11:12,342 [main] [org.springframework.beans.factory.support.DefaultListableBeanFactory]-[DEBUG] Returning cached instance of singleton bean &apos;org.springframework.aop.support.DefaultBeanFactoryPointcutAdvisor#0&apos;
2015-04-04 18:11:12,343 [main] [org.springframework.beans.factory.support.DefaultListableBeanFactory]-[DEBUG] Returning eagerly cached instance of singleton bean &apos;contentMapper&apos; that is not fully initialized yet - a consequence of a circular reference
2015-04-04 18:11:12,343 [main] [org.springframework.beans.factory.support.DefaultListableBeanFactory]-[DEBUG] Returning cached instance of singleton bean &apos;org.springframework.aop.support.DefaultBeanFactoryPointcutAdvisor#0&apos;
2015-04-04 18:11:12,343 [main] [org.springframework.beans.factory.support.DefaultListableBeanFactory]-[DEBUG] Creating shared instance of singleton bean &apos;itemCatMapper&apos;
2015-04-04 18:11:12,343 [main] [org.springframework.beans.factory.support.DefaultListableBeanFactory]-[DEBUG] Creating instance of bean &apos;itemCatMapper&apos;
[...]
2015-04-04 18:11:13,085 [main] [org.springframework.beans.factory.annotation.InjectionMetadata]-[DEBUG] Registered injected element on class [com.taotao.manage.controller.ItemParamController]: AutowiredFieldElement for private com.taotao.manage.service.ItemParamService com.taotao.manage.controller.ItemParamController.itemParamService
2015-04-04 18:11:13,085 [main] [org.springframework.beans.factory.support.DefaultListableBeanFactory]-[DEBUG] Eagerly caching bean &apos;itemParamController&apos; to allow for resolving potential circular references
2015-04-04 18:11:13,085 [main] [org.springframework.beans.factory.annotation.InjectionMetadata]-[DEBUG] Processing injected method of bean &apos;itemParamController&apos;: AutowiredFieldElement for private com.taotao.manage.service.ItemParamService com.taotao.manage.controller.ItemParamController.itemParamService
2015-04-04 18:11:13,085 [main] [org.springframework.beans.factory.support.DefaultListableBeanFactory]-[DEBUG] Creating shared instance of singleton bean &apos;itemParamService&apos;
2015-04-04 18:11:13,085 [main] [org.springframework.beans.factory.support.DefaultListableBeanFactory]-[DEBUG] Creating instance of bean &apos;itemParamService&apos;
2015-04-04 18:11:13,085 [main] [org.springframework.beans.factory.support.DefaultListableBeanFactory]-[DEBUG] Returning cached instance of singleton bean &apos;org.springframework.aop.support.DefaultBeanFactoryPointcutAdvisor#0&apos;
2015-04-04 18:11:13,086 [main] [org.springframework.beans.factory.annotation.InjectionMetadata]-[DEBUG] Registered injected element on class [com.taotao.manage.service.ItemParamService]: AutowiredFieldElement for private com.taotao.manage.base.mapper.TaotaoMapper com.taotao.manage.service.BaseService.taotaoMapper
2015-04-04 18:11:13,086 [main] [org.springframework.beans.factory.support.DefaultListableBeanFactory]-[DEBUG] Eagerly caching bean &apos;itemParamService&apos; to allow for resolving potential circular references
2015-04-04 18:11:13,086 [main] [org.springframework.beans.factory.annotation.InjectionMetadata]-[DEBUG] Processing injected method of bean &apos;itemParamService&apos;: AutowiredFieldElement for private com.taotao.manage.base.mapper.TaotaoMapper com.taotao.manage.service.BaseService.taotaoMapper
2015-04-04 18:11:13,087 [main] [org.springframework.beans.factory.support.DefaultListableBeanFactory]-[DEBUG] Returning cached instance of singleton bean &apos;itemParamMapper&apos;
2015-04-04 18:11:13,087 [main] [org.springframework.beans.factory.support.DefaultListableBeanFactory]-[DEBUG] Returning cached instance of singleton bean &apos;org.springframework.aop.support.DefaultBeanFactoryPointcutAdvisor#0&apos;
2015-04-04 18:11:13,087 [main] [org.springframework.beans.factory.support.DefaultListableBeanFactory]-[DEBUG] Returning cached instance of singleton bean &apos;org.springframework.aop.support.DefaultBeanFactoryPointcutAdvisor#0&apos;
2015-04-04 18:11:13,088 [main] [org.springframework.beans.factory.annotation.AutowiredAnnotationBeanPostProcessor]-[DEBUG] Autowiring by type from bean name &apos;itemParamService&apos; to bean named &apos;itemParamMapper&apos;
2015-04-04 18:11:13,089 [main] [org.springframework.beans.factory.support.DefaultListableBeanFactory]-[DEBUG] Returning cached instance of singleton bean &apos;org.springframework.aop.support.DefaultBeanFactoryPointcutAdvisor#0&apos;
2015-04-04 18:11:13,089 [main] [org.springframework.beans.factory.support.DefaultListableBeanFactory]-[DEBUG] Returning cached instance of singleton bean &apos;org.springframework.aop.support.DefaultBeanFactoryPointcutAdvisor#0&apos;
2015-04-04 18:11:13,089 [main] [org.springframework.aop.aspectj.autoproxy.AspectJAwareAdvisorAutoProxyCreator]-[DEBUG] Creating implicit proxy for bean &apos;itemParamService&apos; with 0 common interceptors and 2 specific interceptors
2015-04-04 18:11:13,089 [main] [org.springframework.aop.framework.CglibAopProxy]-[DEBUG] Creating CGLIB proxy: target source is SingletonTargetSource for target object [com.taotao.manage.service.ItemParamService@6f2af86b]
2015-04-04 18:11:13,089 [main] [org.springframework.beans.factory.support.DefaultListableBeanFactory]-[DEBUG] Finished creating instance of bean &apos;itemParamService&apos;
2015-04-04 18:11:13,089 [main] [org.springframework.beans.factory.annotation.AutowiredAnnotationBeanPostProcessor]-[DEBUG] Autowiring by type from bean name &apos;itemParamController&apos; to bean named &apos;itemParamService&apos;
2015-04-04 18:11:13,090 [main] [org.springframework.beans.factory.support.DefaultListableBeanFactory]-[DEBUG] Returning cached instance of singleton bean &apos;org.springframework.aop.support.DefaultBeanFactoryPointcutAdvisor#0&apos;
2015-04-04 18:11:13,090 [main] [org.springframework.beans.factory.support.DefaultListableBeanFactory]-[DEBUG] Returning cached instance of singleton bean &apos;org.springframework.aop.support.DefaultBeanFactoryPointcutAdvisor#0&apos;
2015-04-04 18:11:13,090 [main] [org.springframework.beans.factory.support.DefaultListableBeanFactory]-[DEBUG] Finished creating instance of bean &apos;itemParamController&apos;
2015-04-04 18:11:13,090 [main] [org.springframework.beans.factory.support.DefaultListableBeanFactory]-[DEBUG] Creating shared instance of singleton bean &apos;pageController&apos;
2015-04-04 18:11:13,090 [main] [org.springframework.beans.factory.support.DefaultListableBeanFactory]-[DEBUG] Creating instance of bean &apos;pageController&apos;
2015-04-04 18:11:13,090 [main] [org.springframework.beans.factory.support.DefaultListableBeanFactory]-[DEBUG] Returning cached instance of singleton bean &apos;org.springframework.aop.support.DefaultBeanFactoryPointcutAdvisor#0&apos;
2015-04-04 18:11:13,090 [main] [org.springframework.beans.factory.support.DefaultListableBeanFactory]-[DEBUG] Eagerly caching bean &apos;pageController&apos; to allow for resolving potential circular references
2015-04-04 18:11:13,091 [main] [org.springframework.beans.factory.support.DefaultListableBeanFactory]-[DEBUG] Returning cached instance of singleton bean &apos;org.springframework.aop.support.DefaultBeanFactoryPointcutAdvisor#0&apos;
2015-04-04 18:11:13,091 [main] [org.springframework.beans.factory.support.DefaultListableBeanFactory]-[DEBUG] Returning cached instance of singleton bean &apos;org.springframework.aop.support.DefaultBeanFactoryPointcutAdvisor#0&apos;
2015-04-04 18:11:13,091 [main] [org.springframework.beans.factory.support.DefaultListableBeanFactory]-[DEBUG] Finished creating instance of bean &apos;pageController&apos;
2015-04-04 18:11:13,091 [main] [org.springframework.beans.factory.support.DefaultListableBeanFactory]-[DEBUG] Creating shared instance of singleton bean &apos;picUploadController&apos;
2015-04-04 18:11:13,091 [main] [org.springframework.beans.factory.support.DefaultListableBeanFactory]-[DEBUG] Creating instance of bean &apos;picUploadController&apos;
2015-04-04 18:11:13,091 [main] [org.springframework.beans.factory.support.DefaultListableBeanFactory]-[DEBUG] Returning cached instance of singleton bean &apos;org.springframework.aop.support.DefaultBeanFactoryPointcutAdvisor#0&apos;
2015-04-04 18:11:13,092 [main] [org.springframework.beans.factory.annotation.InjectionMetadata]-[DEBUG] Registered injected element on class [com.taotao.manage.controller.PicUploadController]: AutowiredFieldElement for private com.taotao.manage.service.PicUploadService com.taotao.manage.controller.PicUploadController.picUploadService
2015-04-04 18:11:13,092 [main] [org.springframework.beans.factory.support.DefaultListableBeanFactory]-[DEBUG] Eagerly caching bean &apos;picUploadController&apos; to allow for resolving potential circular references
2015-04-04 18:11:13,092 [main] [org.springframework.beans.factory.annotation.InjectionMetadata]-[DEBUG] Processing injected method of bean &apos;picUploadController&apos;: AutowiredFieldElement for private com.taotao.manage.service.PicUploadService com.taotao.manage.controller.PicUploadController.picUploadService
2015-04-04 18:11:13,092 [main] [org.springframework.beans.factory.support.DefaultListableBeanFactory]-[DEBUG] Creating shared instance of singleton bean &apos;picUploadService&apos;
2015-04-04 18:11:13,092 [main] [org.springframework.beans.factory.support.DefaultListableBeanFactory]-[DEBUG] Creating instance of bean &apos;picUploadService&apos;
2015-04-04 18:11:13,093 [main] [org.springframework.beans.factory.support.DefaultListableBeanFactory]-[DEBUG] Returning cached instance of singleton bean &apos;org.springframework.aop.support.DefaultBeanFactoryPointcutAdvisor#0&apos;
2015-04-04 18:11:13,093 [main] [org.springframework.beans.factory.annotation.InjectionMetadata]-[DEBUG] Registered injected element on class [com.taotao.manage.service.PicUploadService]: AutowiredFieldElement for public java.lang.String com.taotao.manage.service.PicUploadService.REPOSITORY_PATH
2015-04-04 18:11:13,093 [main] [org.springframework.beans.factory.annotation.InjectionMetadata]-[DEBUG] Registered injected element on class [com.taotao.manage.service.PicUploadService]: AutowiredFieldElement for public java.lang.String com.taotao.manage.service.PicUploadService.IMAGE_BASE_URL
2015-04-04 18:11:13,093 [main] [org.springframework.beans.factory.support.DefaultListableBeanFactory]-[DEBUG] Eagerly caching bean &apos;picUploadService&apos; to allow for resolving potential circular references
2015-04-04 18:11:13,093 [main] [org.springframework.beans.factory.annotation.InjectionMetadata]-[DEBUG] Processing injected method of bean &apos;picUploadService&apos;: AutowiredFieldElement for public java.lang.String com.taotao.manage.service.PicUploadService.REPOSITORY_PATH
2015-04-04 18:11:13,094 [main] [org.springframework.beans.factory.annotation.InjectionMetadata]-[DEBUG] Processing injected method of bean &apos;picUploadService&apos;: AutowiredFieldElement for public java.lang.String com.taotao.manage.service.PicUploadService.IMAGE_BASE_URL
2015-04-04 18:11:13,094 [main] [org.springframework.beans.factory.support.DefaultListableBeanFactory]-[DEBUG] Returning cached instance of singleton bean &apos;org.springframework.aop.support.DefaultBeanFactoryPointcutAdvisor#0&apos;
2015-04-04 18:11:13,094 [main] [org.springframework.beans.factory.support.DefaultListableBeanFactory]-[DEBUG] Returning cached instance of singleton bean &apos;org.springframework.aop.support.DefaultBeanFactoryPointcutAdvisor#0&apos;
2015-04-04 18:11:13,095 [main] [org.springframework.beans.factory.support.DefaultListableBeanFactory]-[DEBUG] Finished creating instance of bean &apos;picUploadService&apos;
2015-04-04 18:11:13,095 [main] [org.springframework.beans.factory.annotation.AutowiredAnnotationBeanPostProcessor]-[DEBUG] Autowiring by type from bean name &apos;picUploadController&apos; to bean named &apos;picUploadService&apos;
2015-04-04 18:11:13,095 [main] [org.springframework.beans.factory.support.DefaultListableBeanFactory]-[DEBUG] Returning cached instance of singleton bean &apos;org.springframework.aop.support.DefaultBeanFactoryPointcutAdvisor#0&apos;
2015-04-04 18:11:13,095 [main] [org.springframework.beans.factory.support.DefaultListableBeanFactory]-[DEBUG] Returning cached instance of singleton bean &apos;org.springframework.aop.support.DefaultBeanFactoryPointcutAdvisor#0&apos;
2015-04-04 18:11:13,095 [main] [org.springframework.beans.factory.support.DefaultListableBeanFactory]-[DEBUG] Finished creating instance of bean &apos;picUploadController&apos;
2015-04-04 18:11:13,095 [main] [org.springframework.beans.factory.support.DefaultListableBeanFactory]-[DEBUG] Creating shared instance of singleton bean &apos;webItemCatController&apos;
2015-04-04 18:11:13,095 [main] [org.springframework.beans.factory.support.DefaultListableBeanFactory]-[DEBUG] Creating instance of bean &apos;webItemCatController&apos;
2015-04-04 18:11:13,095 [main] [org.springframework.beans.factory.support.DefaultListableBeanFactory]-[DEBUG] Returning cached instance of singleton bean &apos;org.springframework.aop.support.DefaultBeanFactoryPointcutAdvisor#0&apos;
2015-04-04 18:11:13,096 [main] [org.springframework.beans.factory.annotation.InjectionMetadata]-[DEBUG] Registered injected element on class [com.taotao.manage.controller.web.WebItemCatController]: AutowiredFieldElement for private com.taotao.manage.service.ItemCatService com.taotao.manage.controller.web.WebItemCatController.itemCatService
2015-04-04 18:11:13,096 [main] [org.springframework.beans.factory.support.DefaultListableBeanFactory]-[DEBUG] Eagerly caching bean &apos;webItemCatController&apos; to allow for resolving potential circular references
2015-04-04 18:11:13,096 [main] [org.springframework.beans.factory.annotation.InjectionMetadata]-[DEBUG] Processing injected method of bean &apos;webItemCatController&apos;: AutowiredFieldElement for private com.taotao.manage.service.ItemCatService com.taotao.manage.controller.web.WebItemCatController.itemCatService
2015-04-04 18:11:13,097 [main] [org.springframework.beans.factory.support.DefaultListableBeanFactory]-[DEBUG] Returning cached instance of singleton bean &apos;itemCatService&apos;
2015-04-04 18:11:13,097 [main] [org.springframework.beans.factory.annotation.AutowiredAnnotationBeanPostProcessor]-[DEBUG] Autowiring by type from bean name &apos;webItemCatController&apos; to bean named &apos;itemCatService&apos;
2015-04-04 18:11:13,097 [main] [org.springframework.beans.factory.support.DefaultListableBeanFactory]-[DEBUG] Returning cached instance of singleton bean &apos;org.springframework.aop.support.DefaultBeanFactoryPointcutAdvisor#0&apos;
2015-04-04 18:11:13,097 [main] [org.springframework.beans.factory.support.DefaultListableBeanFactory]-[DEBUG] Returning cached instance of singleton bean &apos;org.springframework.aop.support.DefaultBeanFactoryPointcutAdvisor#0&apos;
2015-04-04 18:11:13,097 [main] [org.springframework.beans.factory.support.DefaultListableBeanFactory]-[DEBUG] Finished creating instance of bean &apos;webItemCatController&apos;
2015-04-04 18:11:13,097 [main] [org.springframework.beans.factory.support.DefaultListableBeanFactory]-[DEBUG] Returning cached instance of singleton bean &apos;contentCategoryService&apos;
2015-04-04 18:11:13,097 [main] [org.springframework.beans.factory.support.DefaultListableBeanFactory]-[DEBUG] Returning cached instance of singleton bean &apos;contentService&apos;
2015-04-04 18:11:13,097 [main] [org.springframework.beans.factory.support.DefaultListableBeanFactory]-[DEBUG] Returning cached instance of singleton bean &apos;itemCatService&apos;
2015-04-04 18:11:13,097 [main] [org.springframework.beans.factory.support.DefaultListableBeanFactory]-[DEBUG] Returning cached instance of singleton bean &apos;itemDescService&apos;
2015-04-04 18:11:13,098 [main] [org.springframework.beans.factory.support.DefaultListableBeanFactory]-[DEBUG] Returning cached instance of singleton bean &apos;itemParamItemService&apos;
2015-04-04 18:11:13,098 [main] [org.springframework.beans.factory.support.DefaultListableBeanFactory]-[DEBUG] Returning cached instance of singleton bean &apos;itemParamService&apos;
2015-04-04 18:11:13,098 [main] [org.springframework.beans.factory.support.DefaultListableBeanFactory]-[DEBUG] Returning cached instance of singleton bean &apos;itemService&apos;
2015-04-04 18:11:13,098 [main] [org.springframework.beans.factory.support.DefaultListableBeanFactory]-[DEBUG] Returning cached instance of singleton bean &apos;picUploadService&apos;
2015-04-04 18:11:13,098 [main] [org.springframework.beans.factory.support.DefaultListableBeanFactory]-[DEBUG] Returning cached instance of singleton bean &apos;org.springframework.context.annotation.internalConfigurationAnnotationProcessor&apos;
2015-04-04 18:11:13,098 [main] [org.springframework.beans.factory.support.DefaultListableBeanFactory]-[DEBUG] Returning cached instance of singleton bean &apos;org.springframework.context.annotation.internalAutowiredAnnotationProcessor&apos;
2015-04-04 18:11:13,098 [main] [org.springframework.beans.factory.support.DefaultListableBeanFactory]-[DEBUG] Returning cached instance of singleton bean &apos;org.springframework.context.annotation.internalRequiredAnnotationProcessor&apos;
2015-04-04 18:11:13,098 [main] [org.springframework.beans.factory.support.DefaultListableBeanFactory]-[DEBUG] Returning cached instance of singleton bean &apos;org.springframework.context.annotation.internalCommonAnnotationProcessor&apos;
2015-04-04 18:11:13,098 [main] [org.springframework.beans.factory.support.DefaultListableBeanFactory]-[DEBUG] Returning cached instance of singleton bean &apos;dataSource&apos;
2015-04-04 18:11:13,098 [main] [org.springframework.beans.factory.support.DefaultListableBeanFactory]-[DEBUG] Returning cached instance of singleton bean &apos;org.springframework.context.annotation.ConfigurationClassPostProcessor.importAwareProcessor&apos;
2015-04-04 18:11:13,098 [main] [org.springframework.beans.factory.support.DefaultListableBeanFactory]-[DEBUG] Returning cached instance of singleton bean &apos;org.springframework.context.annotation.ConfigurationClassPostProcessor.enhancedConfigurationProcessor&apos;
2015-04-04 18:11:13,098 [main] [org.springframework.beans.factory.support.DefaultListableBeanFactory]-[DEBUG] Returning cached instance of singleton bean &apos;contentCategoryMapper&apos;
2015-04-04 18:11:13,098 [main] [org.springframework.beans.factory.support.DefaultListableBeanFactory]-[DEBUG] Returning cached instance of singleton bean &apos;contentMapper&apos;
2015-04-04 18:11:13,098 [main] [org.springframework.beans.factory.support.DefaultListableBeanFactory]-[DEBUG] Returning cached instance of singleton bean &apos;itemCatMapper&apos;
2015-04-04 18:11:13,098 [main] [org.springframework.beans.factory.support.DefaultListableBeanFactory]-[DEBUG] Returning cached instance of singleton bean &apos;itemDescMapper&apos;
2015-04-04 18:11:13,098 [main] [org.springframework.beans.factory.support.DefaultListableBeanFactory]-[DEBUG] Returning cached instance of singleton bean &apos;itemMapper&apos;
2015-04-04 18:11:13,099 [main] [org.springframework.beans.factory.support.DefaultListableBeanFactory]-[DEBUG] Returning cached instance of singleton bean &apos;itemParamItemMapper&apos;
2015-04-04 18:11:13,099 [main] [org.springframework.beans.factory.support.DefaultListableBeanFactory]-[DEBUG] Returning cached instance of singleton bean &apos;itemParamMapper&apos;
2015-04-04 18:11:13,099 [main] [org.springframework.context.support.ClassPathXmlApplicationContext]-[DEBUG] Unable to locate LifecycleProcessor with name &apos;lifecycleProcessor&apos;: using default [org.springframework.context.support.DefaultLifecycleProcessor@22d13691]
2015-04-04 18:11:13,099 [main] [org.springframework.beans.factory.support.DefaultListableBeanFactory]-[DEBUG] Returning cached instance of singleton bean &apos;lifecycleProcessor&apos;
2015-04-04 18:11:13,099 [main] [org.springframework.beans.factory.support.DefaultListableBeanFactory]-[DEBUG] Returning cached instance of singleton bean &apos;sqlSessionFactory&apos;
2015-04-04 18:11:13,099 [main] [org.springframework.core.env.PropertySourcesPropertyResolver]-[DEBUG] Searching for key &apos;spring.liveBeansView.mbeanDomain&apos; in [systemProperties]
2015-04-04 18:11:13,099 [main] [org.springframework.core.env.PropertySourcesPropertyResolver]-[DEBUG] Searching for key &apos;spring.liveBeansView.mbeanDomain&apos; in [systemEnvironment]
2015-04-04 18:11:13,100 [main] [org.springframework.core.env.PropertySourcesPropertyResolver]-[DEBUG] Could not find key &apos;spring.liveBeansView.mbeanDomain&apos; in any property source. Returning [null]
2015-04-04 18:11:13,100 [main] [org.springframework.beans.factory.support.DefaultListableBeanFactory]-[DEBUG] Returning cached instance of singleton bean &apos;itemMapper&apos;
</system-out>
  </testcase>
</testsuite>